15:52:42 INFO  : Launching XSCT server: xsct -n  -interactive /home/rom41797/Documents/Project/DMA_demo/project_1/vitis/temp_xsdb_launch_script.tcl
15:52:42 INFO  : Registering command handlers for Vitis TCF services
15:52:43 INFO  : Platform repository initialization has completed.
15:52:44 INFO  : XSCT server has started successfully.
15:52:44 INFO  : Successfully done setting XSCT server connection channel  
15:52:44 INFO  : plnx-install-location is set to ''
15:52:44 INFO  : Successfully done query RDI_DATADIR 
15:52:44 INFO  : Successfully done setting workspace for the tool. 
15:53:46 INFO  : Result from executing command 'getProjects': dma_demo_wrapper
15:53:46 INFO  : Result from executing command 'getPlatforms': 
15:53:46 WARN  : An unexpected exception occurred in the module 'platform project logging'
15:53:46 INFO  : Platform 'dma_demo_wrapper' is added to custom repositories.
15:53:50 INFO  : Platform 'dma_demo_wrapper' is added to custom repositories.
16:08:40 INFO  : Result from executing command 'getProjects': dma_demo_wrapper
16:08:40 INFO  : Result from executing command 'getPlatforms': dma_demo_wrapper|/home/rom41797/Documents/Project/DMA_demo/project_1/vitis/dma_demo_wrapper/export/dma_demo_wrapper/dma_demo_wrapper.xpfm
16:08:43 INFO  : Checking for BSP changes to sync application flags for project 'app'...
16:09:03 INFO  : Connected to target on host '127.0.0.1' and port '3121'.
16:09:03 INFO  : Jtag cable 'Digilent Cora Z7 - 7007S 210370A92FA7A' is selected.
16:09:03 INFO  : 'jtag frequency' command is executed.
16:09:03 INFO  : Context for 'APU' is selected.
16:09:03 INFO  : System reset is completed.
16:09:06 INFO  : 'after 3000' command is executed.
16:09:06 INFO  : 'targets -set -filter {jtag_cable_name =~ "Digilent Cora Z7 - 7007S 210370A92FA7A" && level==0 && jtag_device_ctx=="jsn-Cora Z7 - 7007S-210370A92FA7A-13722093-0"}' command is executed.
16:09:07 INFO  : Device configured successfully with "/home/rom41797/Documents/Project/DMA_demo/project_1/vitis/app/_ide/bitstream/dma_demo_wrapper.bit"
16:09:08 INFO  : Context for 'APU' is selected.
16:09:08 INFO  : Hardware design and registers information is loaded from '/home/rom41797/Documents/Project/DMA_demo/project_1/vitis/dma_demo_wrapper/export/dma_demo_wrapper/hw/dma_demo_wrapper.xsa'.
16:09:08 INFO  : 'configparams force-mem-access 1' command is executed.
16:09:08 INFO  : Context for 'APU' is selected.
16:09:08 INFO  : Sourcing of '/home/rom41797/Documents/Project/DMA_demo/project_1/vitis/app/_ide/psinit/ps7_init.tcl' is done.
16:09:08 INFO  : 'ps7_init' command is executed.
16:09:08 INFO  : 'ps7_post_config' command is executed.
16:09:08 INFO  : Context for processor 'ps7_cortexa9_0' is selected.
16:09:08 INFO  : The application '/home/rom41797/Documents/Project/DMA_demo/project_1/vitis/app/Debug/app.elf' is downloaded to processor 'ps7_cortexa9_0'.
16:09:08 INFO  : 'configparams force-mem-access 0' command is executed.
16:09:08 INFO  : ----------------XSDB Script----------------
connect -url tcp:127.0.0.1:3121
targets -set -nocase -filter {name =~"APU*"}
rst -system
after 3000
targets -set -filter {jtag_cable_name =~ "Digilent Cora Z7 - 7007S 210370A92FA7A" && level==0 && jtag_device_ctx=="jsn-Cora Z7 - 7007S-210370A92FA7A-13722093-0"}
fpga -file /home/rom41797/Documents/Project/DMA_demo/project_1/vitis/app/_ide/bitstream/dma_demo_wrapper.bit
targets -set -nocase -filter {name =~"APU*"}
loadhw -hw /home/rom41797/Documents/Project/DMA_demo/project_1/vitis/dma_demo_wrapper/export/dma_demo_wrapper/hw/dma_demo_wrapper.xsa -mem-ranges [list {0x40000000 0xbfffffff}] -regs
configparams force-mem-access 1
targets -set -nocase -filter {name =~"APU*"}
source /home/rom41797/Documents/Project/DMA_demo/project_1/vitis/app/_ide/psinit/ps7_init.tcl
ps7_init
ps7_post_config
targets -set -nocase -filter {name =~ "*A9*#0"}
dow /home/rom41797/Documents/Project/DMA_demo/project_1/vitis/app/Debug/app.elf
configparams force-mem-access 0
----------------End of Script----------------

16:09:08 INFO  : Context for processor 'ps7_cortexa9_0' is selected.
16:09:08 INFO  : 'con' command is executed.
16:09:08 INFO  : ----------------XSDB Script (After Launch)----------------
targets -set -nocase -filter {name =~ "*A9*#0"}
con
----------------End of Script----------------

16:09:08 INFO  : Launch script is exported to file '/home/rom41797/Documents/Project/DMA_demo/project_1/vitis/app_system/_ide/scripts/debugger_app-default.tcl'
16:10:42 INFO  : Checking for BSP changes to sync application flags for project 'app'...
16:12:09 INFO  : Result from executing command 'getProjects': dma_demo_wrapper
16:12:09 INFO  : Result from executing command 'getPlatforms': dma_demo_wrapper|/home/rom41797/Documents/Project/DMA_demo/project_1/vitis/dma_demo_wrapper/export/dma_demo_wrapper/dma_demo_wrapper.xpfm
16:12:12 INFO  : Checking for BSP changes to sync application flags for project 'app'...
16:13:02 INFO  : Disconnected from the channel tcfchan#2.
16:13:03 INFO  : Connected to target on host '127.0.0.1' and port '3121'.
16:13:12 INFO  : ----------------XSDB Script----------------
connect -url tcp:127.0.0.1:3121
----------------End of Script----------------

16:13:12 ERROR : Could not find FPGA device on the board for connection 'Local'.


Troubleshooting hints:
1. Check whether board is connected to system properly.
2. In case of zynq board, check whether Digilent/Xilinx cable switch settings are correct.
3. If you are using Xilinx Platform Cable USB, ensure that status LED is green.
16:25:10 INFO  : Connected to target on host '127.0.0.1' and port '3121'.
16:25:10 INFO  : Jtag cable 'Digilent Cora Z7 - 7007S 210370A92FA7A' is selected.
16:25:10 INFO  : 'jtag frequency' command is executed.
16:25:10 INFO  : Context for 'APU' is selected.
16:25:10 INFO  : System reset is completed.
16:25:13 INFO  : 'after 3000' command is executed.
16:25:13 INFO  : 'targets -set -filter {jtag_cable_name =~ "Digilent Cora Z7 - 7007S 210370A92FA7A" && level==0 && jtag_device_ctx=="jsn-Cora Z7 - 7007S-210370A92FA7A-13722093-0"}' command is executed.
16:25:14 INFO  : Device configured successfully with "/home/rom41797/Documents/Project/DMA_demo/project_1/vitis/app/_ide/bitstream/dma_demo_wrapper.bit"
16:25:14 INFO  : Context for 'APU' is selected.
16:25:14 INFO  : Hardware design and registers information is loaded from '/home/rom41797/Documents/Project/DMA_demo/project_1/vitis/dma_demo_wrapper/export/dma_demo_wrapper/hw/dma_demo_wrapper.xsa'.
16:25:14 INFO  : 'configparams force-mem-access 1' command is executed.
16:25:14 INFO  : Context for 'APU' is selected.
16:25:14 INFO  : Sourcing of '/home/rom41797/Documents/Project/DMA_demo/project_1/vitis/app/_ide/psinit/ps7_init.tcl' is done.
16:25:15 INFO  : 'ps7_init' command is executed.
16:25:15 INFO  : 'ps7_post_config' command is executed.
16:25:15 INFO  : Context for processor 'ps7_cortexa9_0' is selected.
16:25:15 INFO  : The application '/home/rom41797/Documents/Project/DMA_demo/project_1/vitis/app/Debug/app.elf' is downloaded to processor 'ps7_cortexa9_0'.
16:25:15 INFO  : 'configparams force-mem-access 0' command is executed.
16:25:15 INFO  : ----------------XSDB Script----------------
connect -url tcp:127.0.0.1:3121
targets -set -nocase -filter {name =~"APU*"}
rst -system
after 3000
targets -set -filter {jtag_cable_name =~ "Digilent Cora Z7 - 7007S 210370A92FA7A" && level==0 && jtag_device_ctx=="jsn-Cora Z7 - 7007S-210370A92FA7A-13722093-0"}
fpga -file /home/rom41797/Documents/Project/DMA_demo/project_1/vitis/app/_ide/bitstream/dma_demo_wrapper.bit
targets -set -nocase -filter {name =~"APU*"}
loadhw -hw /home/rom41797/Documents/Project/DMA_demo/project_1/vitis/dma_demo_wrapper/export/dma_demo_wrapper/hw/dma_demo_wrapper.xsa -mem-ranges [list {0x40000000 0xbfffffff}] -regs
configparams force-mem-access 1
targets -set -nocase -filter {name =~"APU*"}
source /home/rom41797/Documents/Project/DMA_demo/project_1/vitis/app/_ide/psinit/ps7_init.tcl
ps7_init
ps7_post_config
targets -set -nocase -filter {name =~ "*A9*#0"}
dow /home/rom41797/Documents/Project/DMA_demo/project_1/vitis/app/Debug/app.elf
configparams force-mem-access 0
----------------End of Script----------------

16:25:15 INFO  : Context for processor 'ps7_cortexa9_0' is selected.
16:25:15 INFO  : 'con' command is executed.
16:25:15 INFO  : ----------------XSDB Script (After Launch)----------------
targets -set -nocase -filter {name =~ "*A9*#0"}
con
----------------End of Script----------------

16:25:15 INFO  : Launch script is exported to file '/home/rom41797/Documents/Project/DMA_demo/project_1/vitis/app_system/_ide/scripts/debugger_app-default.tcl'
16:27:35 INFO  : Disconnected from the channel tcfchan#7.
16:27:44 INFO  : Connected to target on host '127.0.0.1' and port '3121'.
16:27:44 INFO  : Jtag cable 'Digilent Cora Z7 - 7007S 210370A92FA7A' is selected.
16:27:44 INFO  : 'jtag frequency' command is executed.
16:27:44 INFO  : Context for 'APU' is selected.
16:27:44 INFO  : System reset is completed.
16:27:47 INFO  : 'after 3000' command is executed.
16:27:47 INFO  : 'targets -set -filter {jtag_cable_name =~ "Digilent Cora Z7 - 7007S 210370A92FA7A" && level==0 && jtag_device_ctx=="jsn-Cora Z7 - 7007S-210370A92FA7A-13722093-0"}' command is executed.
16:27:48 INFO  : Device configured successfully with "/home/rom41797/Documents/Project/DMA_demo/project_1/vitis/app/_ide/bitstream/dma_demo_wrapper.bit"
16:27:48 INFO  : Context for 'APU' is selected.
16:27:48 INFO  : Hardware design and registers information is loaded from '/home/rom41797/Documents/Project/DMA_demo/project_1/vitis/dma_demo_wrapper/export/dma_demo_wrapper/hw/dma_demo_wrapper.xsa'.
16:27:48 INFO  : 'configparams force-mem-access 1' command is executed.
16:27:48 INFO  : Context for 'APU' is selected.
16:27:48 INFO  : Sourcing of '/home/rom41797/Documents/Project/DMA_demo/project_1/vitis/app/_ide/psinit/ps7_init.tcl' is done.
16:27:49 INFO  : 'ps7_init' command is executed.
16:27:49 INFO  : 'ps7_post_config' command is executed.
16:27:49 INFO  : Context for processor 'ps7_cortexa9_0' is selected.
16:27:49 INFO  : The application '/home/rom41797/Documents/Project/DMA_demo/project_1/vitis/app/Debug/app.elf' is downloaded to processor 'ps7_cortexa9_0'.
16:27:49 INFO  : 'configparams force-mem-access 0' command is executed.
16:27:49 INFO  : ----------------XSDB Script----------------
connect -url tcp:127.0.0.1:3121
targets -set -nocase -filter {name =~"APU*"}
rst -system
after 3000
targets -set -filter {jtag_cable_name =~ "Digilent Cora Z7 - 7007S 210370A92FA7A" && level==0 && jtag_device_ctx=="jsn-Cora Z7 - 7007S-210370A92FA7A-13722093-0"}
fpga -file /home/rom41797/Documents/Project/DMA_demo/project_1/vitis/app/_ide/bitstream/dma_demo_wrapper.bit
targets -set -nocase -filter {name =~"APU*"}
loadhw -hw /home/rom41797/Documents/Project/DMA_demo/project_1/vitis/dma_demo_wrapper/export/dma_demo_wrapper/hw/dma_demo_wrapper.xsa -mem-ranges [list {0x40000000 0xbfffffff}] -regs
configparams force-mem-access 1
targets -set -nocase -filter {name =~"APU*"}
source /home/rom41797/Documents/Project/DMA_demo/project_1/vitis/app/_ide/psinit/ps7_init.tcl
ps7_init
ps7_post_config
targets -set -nocase -filter {name =~ "*A9*#0"}
dow /home/rom41797/Documents/Project/DMA_demo/project_1/vitis/app/Debug/app.elf
configparams force-mem-access 0
----------------End of Script----------------

16:27:49 INFO  : Context for processor 'ps7_cortexa9_0' is selected.
16:27:49 INFO  : 'con' command is executed.
16:27:49 INFO  : ----------------XSDB Script (After Launch)----------------
targets -set -nocase -filter {name =~ "*A9*#0"}
con
----------------End of Script----------------

16:27:49 INFO  : Launch script is exported to file '/home/rom41797/Documents/Project/DMA_demo/project_1/vitis/app_system/_ide/scripts/debugger_app-default.tcl'
09:59:35 INFO  : Launching XSCT server: xsct -n  -interactive /home/rom41797/Documents/Project/DMA_demo/project_1/vitis/temp_xsdb_launch_script.tcl
09:59:37 INFO  : XSCT server has started successfully.
09:59:37 INFO  : Successfully done setting XSCT server connection channel  
09:59:37 INFO  : plnx-install-location is set to ''
09:59:37 INFO  : Successfully done setting workspace for the tool. 
09:59:37 INFO  : Platform repository initialization has completed.
09:59:37 INFO  : Successfully done query RDI_DATADIR 
09:59:37 INFO  : Registering command handlers for Vitis TCF services
13:56:17 INFO  : Launching XSCT server: xsct -n  -interactive /home/rom41797/Documents/Project/DMA_demo/project_1/vitis/temp_xsdb_launch_script.tcl
13:56:19 INFO  : XSCT server has started successfully.
13:56:19 INFO  : Successfully done setting XSCT server connection channel  
13:56:19 INFO  : plnx-install-location is set to ''
13:56:19 INFO  : Successfully done setting workspace for the tool. 
13:56:20 INFO  : Platform repository initialization has completed.
13:56:20 INFO  : Successfully done query RDI_DATADIR 
13:56:20 INFO  : Registering command handlers for Vitis TCF services
14:42:04 INFO  : Result from executing command 'getProjects': dma_demo_wrapper
14:42:04 INFO  : Result from executing command 'getPlatforms': dma_demo_wrapper|/home/rom41797/Documents/Project/DMA_demo/project_1/vitis/dma_demo_wrapper/export/dma_demo_wrapper/dma_demo_wrapper.xpfm
14:42:08 INFO  : Checking for BSP changes to sync application flags for project 'app'...
14:42:30 INFO  : Result from executing command 'getProjects': dma_demo_wrapper
14:42:30 INFO  : Result from executing command 'getPlatforms': dma_demo_wrapper|/home/rom41797/Documents/Project/DMA_demo/project_1/vitis/dma_demo_wrapper/export/dma_demo_wrapper/dma_demo_wrapper.xpfm
14:42:33 INFO  : Checking for BSP changes to sync application flags for project 'app'...
14:42:56 INFO  : Connected to target on host '127.0.0.1' and port '3121'.
14:42:56 INFO  : Jtag cable 'Digilent Cora Z7 - 7007S 210370A92FA7A' is selected.
14:42:56 INFO  : 'jtag frequency' command is executed.
14:42:56 INFO  : Context for 'APU' is selected.
14:42:56 INFO  : System reset is completed.
14:42:59 INFO  : 'after 3000' command is executed.
14:42:59 INFO  : 'targets -set -filter {jtag_cable_name =~ "Digilent Cora Z7 - 7007S 210370A92FA7A" && level==0 && jtag_device_ctx=="jsn-Cora Z7 - 7007S-210370A92FA7A-13722093-0"}' command is executed.
14:43:00 INFO  : Device configured successfully with "/home/rom41797/Documents/Project/DMA_demo/project_1/vitis/app/_ide/bitstream/dma_demo_wrapper.bit"
14:43:00 INFO  : Context for 'APU' is selected.
14:43:01 INFO  : Hardware design and registers information is loaded from '/home/rom41797/Documents/Project/DMA_demo/project_1/vitis/dma_demo_wrapper/export/dma_demo_wrapper/hw/dma_demo_wrapper.xsa'.
14:43:01 INFO  : 'configparams force-mem-access 1' command is executed.
14:43:01 INFO  : Context for 'APU' is selected.
14:43:01 INFO  : Sourcing of '/home/rom41797/Documents/Project/DMA_demo/project_1/vitis/app/_ide/psinit/ps7_init.tcl' is done.
14:43:01 INFO  : 'ps7_init' command is executed.
14:43:01 INFO  : 'ps7_post_config' command is executed.
14:43:01 INFO  : Context for processor 'ps7_cortexa9_0' is selected.
14:43:01 INFO  : The application '/home/rom41797/Documents/Project/DMA_demo/project_1/vitis/app/Debug/app.elf' is downloaded to processor 'ps7_cortexa9_0'.
14:43:01 INFO  : 'configparams force-mem-access 0' command is executed.
14:43:01 INFO  : ----------------XSDB Script----------------
connect -url tcp:127.0.0.1:3121
targets -set -nocase -filter {name =~"APU*"}
rst -system
after 3000
targets -set -filter {jtag_cable_name =~ "Digilent Cora Z7 - 7007S 210370A92FA7A" && level==0 && jtag_device_ctx=="jsn-Cora Z7 - 7007S-210370A92FA7A-13722093-0"}
fpga -file /home/rom41797/Documents/Project/DMA_demo/project_1/vitis/app/_ide/bitstream/dma_demo_wrapper.bit
targets -set -nocase -filter {name =~"APU*"}
loadhw -hw /home/rom41797/Documents/Project/DMA_demo/project_1/vitis/dma_demo_wrapper/export/dma_demo_wrapper/hw/dma_demo_wrapper.xsa -mem-ranges [list {0x40000000 0xbfffffff}] -regs
configparams force-mem-access 1
targets -set -nocase -filter {name =~"APU*"}
source /home/rom41797/Documents/Project/DMA_demo/project_1/vitis/app/_ide/psinit/ps7_init.tcl
ps7_init
ps7_post_config
targets -set -nocase -filter {name =~ "*A9*#0"}
dow /home/rom41797/Documents/Project/DMA_demo/project_1/vitis/app/Debug/app.elf
configparams force-mem-access 0
----------------End of Script----------------

14:43:01 INFO  : Context for processor 'ps7_cortexa9_0' is selected.
14:43:01 INFO  : 'con' command is executed.
14:43:01 INFO  : ----------------XSDB Script (After Launch)----------------
targets -set -nocase -filter {name =~ "*A9*#0"}
con
----------------End of Script----------------

14:43:01 INFO  : Launch script is exported to file '/home/rom41797/Documents/Project/DMA_demo/project_1/vitis/app_system/_ide/scripts/debugger_app-default.tcl'
14:43:34 INFO  : Disconnected from the channel tcfchan#4.
14:43:35 INFO  : Connected to target on host '127.0.0.1' and port '3121'.
14:43:36 INFO  : Jtag cable 'Digilent Cora Z7 - 7007S 210370A92FA7A' is selected.
14:43:36 INFO  : 'jtag frequency' command is executed.
14:43:36 INFO  : Context for 'APU' is selected.
14:43:36 INFO  : System reset is completed.
14:43:39 INFO  : 'after 3000' command is executed.
14:43:39 INFO  : 'targets -set -filter {jtag_cable_name =~ "Digilent Cora Z7 - 7007S 210370A92FA7A" && level==0 && jtag_device_ctx=="jsn-Cora Z7 - 7007S-210370A92FA7A-13722093-0"}' command is executed.
14:43:40 INFO  : Device configured successfully with "/home/rom41797/Documents/Project/DMA_demo/project_1/vitis/app/_ide/bitstream/dma_demo_wrapper.bit"
14:43:40 INFO  : Context for 'APU' is selected.
14:43:40 INFO  : Hardware design and registers information is loaded from '/home/rom41797/Documents/Project/DMA_demo/project_1/vitis/dma_demo_wrapper/export/dma_demo_wrapper/hw/dma_demo_wrapper.xsa'.
14:43:40 INFO  : 'configparams force-mem-access 1' command is executed.
14:43:40 INFO  : Context for 'APU' is selected.
14:43:40 INFO  : Sourcing of '/home/rom41797/Documents/Project/DMA_demo/project_1/vitis/app/_ide/psinit/ps7_init.tcl' is done.
14:43:40 INFO  : 'ps7_init' command is executed.
14:43:40 INFO  : 'ps7_post_config' command is executed.
14:43:40 INFO  : Context for processor 'ps7_cortexa9_0' is selected.
14:43:40 INFO  : The application '/home/rom41797/Documents/Project/DMA_demo/project_1/vitis/app/Debug/app.elf' is downloaded to processor 'ps7_cortexa9_0'.
14:43:40 INFO  : 'configparams force-mem-access 0' command is executed.
14:43:40 INFO  : ----------------XSDB Script----------------
connect -url tcp:127.0.0.1:3121
targets -set -nocase -filter {name =~"APU*"}
rst -system
after 3000
targets -set -filter {jtag_cable_name =~ "Digilent Cora Z7 - 7007S 210370A92FA7A" && level==0 && jtag_device_ctx=="jsn-Cora Z7 - 7007S-210370A92FA7A-13722093-0"}
fpga -file /home/rom41797/Documents/Project/DMA_demo/project_1/vitis/app/_ide/bitstream/dma_demo_wrapper.bit
targets -set -nocase -filter {name =~"APU*"}
loadhw -hw /home/rom41797/Documents/Project/DMA_demo/project_1/vitis/dma_demo_wrapper/export/dma_demo_wrapper/hw/dma_demo_wrapper.xsa -mem-ranges [list {0x40000000 0xbfffffff}] -regs
configparams force-mem-access 1
targets -set -nocase -filter {name =~"APU*"}
source /home/rom41797/Documents/Project/DMA_demo/project_1/vitis/app/_ide/psinit/ps7_init.tcl
ps7_init
ps7_post_config
targets -set -nocase -filter {name =~ "*A9*#0"}
dow /home/rom41797/Documents/Project/DMA_demo/project_1/vitis/app/Debug/app.elf
configparams force-mem-access 0
----------------End of Script----------------

14:43:40 INFO  : Context for processor 'ps7_cortexa9_0' is selected.
14:43:40 INFO  : 'con' command is executed.
14:43:40 INFO  : ----------------XSDB Script (After Launch)----------------
targets -set -nocase -filter {name =~ "*A9*#0"}
con
----------------End of Script----------------

14:43:40 INFO  : Launch script is exported to file '/home/rom41797/Documents/Project/DMA_demo/project_1/vitis/app_system/_ide/scripts/debugger_app-default.tcl'
14:44:40 INFO  : Result from executing command 'getProjects': dma_demo_wrapper
14:44:40 INFO  : Result from executing command 'getPlatforms': dma_demo_wrapper|/home/rom41797/Documents/Project/DMA_demo/project_1/vitis/dma_demo_wrapper/export/dma_demo_wrapper/dma_demo_wrapper.xpfm
14:44:44 INFO  : Checking for BSP changes to sync application flags for project 'app'...
14:45:01 INFO  : Disconnected from the channel tcfchan#5.
14:45:02 INFO  : Connected to target on host '127.0.0.1' and port '3121'.
14:45:02 INFO  : Jtag cable 'Digilent Cora Z7 - 7007S 210370A92FA7A' is selected.
14:45:02 INFO  : 'jtag frequency' command is executed.
14:45:02 INFO  : Context for 'APU' is selected.
14:45:02 INFO  : System reset is completed.
14:45:05 INFO  : 'after 3000' command is executed.
14:45:05 INFO  : 'targets -set -filter {jtag_cable_name =~ "Digilent Cora Z7 - 7007S 210370A92FA7A" && level==0 && jtag_device_ctx=="jsn-Cora Z7 - 7007S-210370A92FA7A-13722093-0"}' command is executed.
14:45:06 INFO  : Device configured successfully with "/home/rom41797/Documents/Project/DMA_demo/project_1/vitis/app/_ide/bitstream/dma_demo_wrapper.bit"
14:45:06 INFO  : Context for 'APU' is selected.
14:45:06 INFO  : Hardware design and registers information is loaded from '/home/rom41797/Documents/Project/DMA_demo/project_1/vitis/dma_demo_wrapper/export/dma_demo_wrapper/hw/dma_demo_wrapper.xsa'.
14:45:06 INFO  : 'configparams force-mem-access 1' command is executed.
14:45:06 INFO  : Context for 'APU' is selected.
14:45:06 INFO  : Sourcing of '/home/rom41797/Documents/Project/DMA_demo/project_1/vitis/app/_ide/psinit/ps7_init.tcl' is done.
14:45:07 INFO  : 'ps7_init' command is executed.
14:45:07 INFO  : 'ps7_post_config' command is executed.
14:45:07 INFO  : Context for processor 'ps7_cortexa9_0' is selected.
14:45:07 INFO  : The application '/home/rom41797/Documents/Project/DMA_demo/project_1/vitis/app/Debug/app.elf' is downloaded to processor 'ps7_cortexa9_0'.
14:45:07 INFO  : 'configparams force-mem-access 0' command is executed.
14:45:07 INFO  : ----------------XSDB Script----------------
connect -url tcp:127.0.0.1:3121
targets -set -nocase -filter {name =~"APU*"}
rst -system
after 3000
targets -set -filter {jtag_cable_name =~ "Digilent Cora Z7 - 7007S 210370A92FA7A" && level==0 && jtag_device_ctx=="jsn-Cora Z7 - 7007S-210370A92FA7A-13722093-0"}
fpga -file /home/rom41797/Documents/Project/DMA_demo/project_1/vitis/app/_ide/bitstream/dma_demo_wrapper.bit
targets -set -nocase -filter {name =~"APU*"}
loadhw -hw /home/rom41797/Documents/Project/DMA_demo/project_1/vitis/dma_demo_wrapper/export/dma_demo_wrapper/hw/dma_demo_wrapper.xsa -mem-ranges [list {0x40000000 0xbfffffff}] -regs
configparams force-mem-access 1
targets -set -nocase -filter {name =~"APU*"}
source /home/rom41797/Documents/Project/DMA_demo/project_1/vitis/app/_ide/psinit/ps7_init.tcl
ps7_init
ps7_post_config
targets -set -nocase -filter {name =~ "*A9*#0"}
dow /home/rom41797/Documents/Project/DMA_demo/project_1/vitis/app/Debug/app.elf
configparams force-mem-access 0
----------------End of Script----------------

14:45:07 INFO  : Context for processor 'ps7_cortexa9_0' is selected.
14:45:07 INFO  : 'con' command is executed.
14:45:07 INFO  : ----------------XSDB Script (After Launch)----------------
targets -set -nocase -filter {name =~ "*A9*#0"}
con
----------------End of Script----------------

14:45:07 INFO  : Launch script is exported to file '/home/rom41797/Documents/Project/DMA_demo/project_1/vitis/app_system/_ide/scripts/debugger_app-default.tcl'
14:45:57 INFO  : Result from executing command 'getProjects': dma_demo_wrapper
14:45:57 INFO  : Result from executing command 'getPlatforms': dma_demo_wrapper|/home/rom41797/Documents/Project/DMA_demo/project_1/vitis/dma_demo_wrapper/export/dma_demo_wrapper/dma_demo_wrapper.xpfm
14:46:00 INFO  : Checking for BSP changes to sync application flags for project 'app'...
14:46:16 INFO  : Disconnected from the channel tcfchan#8.
14:46:17 INFO  : Connected to target on host '127.0.0.1' and port '3121'.
14:46:26 INFO  : ----------------XSDB Script----------------
connect -url tcp:127.0.0.1:3121
----------------End of Script----------------

14:46:26 ERROR : Could not find Jtag device on the board for connection 'Local'.


Troubleshooting hints:
1. Check whether board is connected to system properly.
2. In case of zynq board, check whether Digilent/Xilinx cable switch settings are correct.
3. If you are using Xilinx Platform Cable USB, ensure that status LED is green.
14:47:22 INFO  : Connected to target on host '127.0.0.1' and port '3121'.
14:47:23 INFO  : Jtag cable 'Digilent Cora Z7 - 7007S 210370A92FA7A' is selected.
14:47:23 INFO  : 'jtag frequency' command is executed.
14:47:23 INFO  : Context for 'APU' is selected.
14:47:23 INFO  : System reset is completed.
14:47:26 INFO  : 'after 3000' command is executed.
14:47:26 INFO  : 'targets -set -filter {jtag_cable_name =~ "Digilent Cora Z7 - 7007S 210370A92FA7A" && level==0 && jtag_device_ctx=="jsn-Cora Z7 - 7007S-210370A92FA7A-13722093-0"}' command is executed.
14:47:27 INFO  : Device configured successfully with "/home/rom41797/Documents/Project/DMA_demo/project_1/vitis/app/_ide/bitstream/dma_demo_wrapper.bit"
14:47:27 INFO  : Context for 'APU' is selected.
14:47:27 INFO  : Hardware design and registers information is loaded from '/home/rom41797/Documents/Project/DMA_demo/project_1/vitis/dma_demo_wrapper/export/dma_demo_wrapper/hw/dma_demo_wrapper.xsa'.
14:47:27 INFO  : 'configparams force-mem-access 1' command is executed.
14:47:27 INFO  : Context for 'APU' is selected.
14:47:27 INFO  : Sourcing of '/home/rom41797/Documents/Project/DMA_demo/project_1/vitis/app/_ide/psinit/ps7_init.tcl' is done.
14:47:27 INFO  : 'ps7_init' command is executed.
14:47:27 INFO  : 'ps7_post_config' command is executed.
14:47:27 INFO  : Context for processor 'ps7_cortexa9_0' is selected.
14:47:27 INFO  : The application '/home/rom41797/Documents/Project/DMA_demo/project_1/vitis/app/Debug/app.elf' is downloaded to processor 'ps7_cortexa9_0'.
14:47:27 INFO  : 'configparams force-mem-access 0' command is executed.
14:47:27 INFO  : ----------------XSDB Script----------------
connect -url tcp:127.0.0.1:3121
targets -set -nocase -filter {name =~"APU*"}
rst -system
after 3000
targets -set -filter {jtag_cable_name =~ "Digilent Cora Z7 - 7007S 210370A92FA7A" && level==0 && jtag_device_ctx=="jsn-Cora Z7 - 7007S-210370A92FA7A-13722093-0"}
fpga -file /home/rom41797/Documents/Project/DMA_demo/project_1/vitis/app/_ide/bitstream/dma_demo_wrapper.bit
targets -set -nocase -filter {name =~"APU*"}
loadhw -hw /home/rom41797/Documents/Project/DMA_demo/project_1/vitis/dma_demo_wrapper/export/dma_demo_wrapper/hw/dma_demo_wrapper.xsa -mem-ranges [list {0x40000000 0xbfffffff}] -regs
configparams force-mem-access 1
targets -set -nocase -filter {name =~"APU*"}
source /home/rom41797/Documents/Project/DMA_demo/project_1/vitis/app/_ide/psinit/ps7_init.tcl
ps7_init
ps7_post_config
targets -set -nocase -filter {name =~ "*A9*#0"}
dow /home/rom41797/Documents/Project/DMA_demo/project_1/vitis/app/Debug/app.elf
configparams force-mem-access 0
----------------End of Script----------------

14:47:27 INFO  : Context for processor 'ps7_cortexa9_0' is selected.
14:47:28 INFO  : 'con' command is executed.
14:47:28 INFO  : ----------------XSDB Script (After Launch)----------------
targets -set -nocase -filter {name =~ "*A9*#0"}
con
----------------End of Script----------------

14:47:28 INFO  : Launch script is exported to file '/home/rom41797/Documents/Project/DMA_demo/project_1/vitis/app_system/_ide/scripts/debugger_app-default.tcl'
14:47:53 INFO  : Disconnected from the channel tcfchan#11.
14:52:18 INFO  : Result from executing command 'getProjects': dma_demo_wrapper
14:52:18 INFO  : Result from executing command 'getPlatforms': dma_demo_wrapper|/home/rom41797/Documents/Project/DMA_demo/project_1/vitis/dma_demo_wrapper/export/dma_demo_wrapper/dma_demo_wrapper.xpfm
14:52:21 INFO  : Checking for BSP changes to sync application flags for project 'app'...
14:53:14 INFO  : Checking for BSP changes to sync application flags for project 'app'...
14:54:36 INFO  : Checking for BSP changes to sync application flags for project 'app'...
14:54:53 INFO  : Connected to target on host '127.0.0.1' and port '3121'.
14:54:53 INFO  : Jtag cable 'Digilent Cora Z7 - 7007S 210370A92FA7A' is selected.
14:54:53 INFO  : 'jtag frequency' command is executed.
14:54:53 INFO  : Context for 'APU' is selected.
14:54:54 INFO  : System reset is completed.
14:54:57 INFO  : 'after 3000' command is executed.
14:54:57 INFO  : 'targets -set -filter {jtag_cable_name =~ "Digilent Cora Z7 - 7007S 210370A92FA7A" && level==0 && jtag_device_ctx=="jsn-Cora Z7 - 7007S-210370A92FA7A-13722093-0"}' command is executed.
14:54:58 INFO  : Device configured successfully with "/home/rom41797/Documents/Project/DMA_demo/project_1/vitis/app/_ide/bitstream/dma_demo_wrapper.bit"
14:54:58 INFO  : Context for 'APU' is selected.
14:54:58 INFO  : Hardware design and registers information is loaded from '/home/rom41797/Documents/Project/DMA_demo/project_1/vitis/dma_demo_wrapper/export/dma_demo_wrapper/hw/dma_demo_wrapper.xsa'.
14:54:58 INFO  : 'configparams force-mem-access 1' command is executed.
14:54:58 INFO  : Context for 'APU' is selected.
14:54:58 INFO  : Sourcing of '/home/rom41797/Documents/Project/DMA_demo/project_1/vitis/app/_ide/psinit/ps7_init.tcl' is done.
14:54:58 INFO  : 'ps7_init' command is executed.
14:54:58 INFO  : 'ps7_post_config' command is executed.
14:54:58 INFO  : Context for processor 'ps7_cortexa9_0' is selected.
14:54:59 INFO  : The application '/home/rom41797/Documents/Project/DMA_demo/project_1/vitis/app/Debug/app.elf' is downloaded to processor 'ps7_cortexa9_0'.
14:54:59 INFO  : 'configparams force-mem-access 0' command is executed.
14:54:59 INFO  : ----------------XSDB Script----------------
connect -url tcp:127.0.0.1:3121
targets -set -nocase -filter {name =~"APU*"}
rst -system
after 3000
targets -set -filter {jtag_cable_name =~ "Digilent Cora Z7 - 7007S 210370A92FA7A" && level==0 && jtag_device_ctx=="jsn-Cora Z7 - 7007S-210370A92FA7A-13722093-0"}
fpga -file /home/rom41797/Documents/Project/DMA_demo/project_1/vitis/app/_ide/bitstream/dma_demo_wrapper.bit
targets -set -nocase -filter {name =~"APU*"}
loadhw -hw /home/rom41797/Documents/Project/DMA_demo/project_1/vitis/dma_demo_wrapper/export/dma_demo_wrapper/hw/dma_demo_wrapper.xsa -mem-ranges [list {0x40000000 0xbfffffff}] -regs
configparams force-mem-access 1
targets -set -nocase -filter {name =~"APU*"}
source /home/rom41797/Documents/Project/DMA_demo/project_1/vitis/app/_ide/psinit/ps7_init.tcl
ps7_init
ps7_post_config
targets -set -nocase -filter {name =~ "*A9*#0"}
dow /home/rom41797/Documents/Project/DMA_demo/project_1/vitis/app/Debug/app.elf
configparams force-mem-access 0
----------------End of Script----------------

14:54:59 INFO  : Context for processor 'ps7_cortexa9_0' is selected.
14:54:59 INFO  : 'con' command is executed.
14:54:59 INFO  : ----------------XSDB Script (After Launch)----------------
targets -set -nocase -filter {name =~ "*A9*#0"}
con
----------------End of Script----------------

14:54:59 INFO  : Launch script is exported to file '/home/rom41797/Documents/Project/DMA_demo/project_1/vitis/app_system/_ide/scripts/debugger_app-default.tcl'
14:56:51 INFO  : Disconnected from the channel tcfchan#17.
14:56:52 INFO  : Connected to target on host '127.0.0.1' and port '3121'.
14:56:52 INFO  : Jtag cable 'Digilent Cora Z7 - 7007S 210370A92FA7A' is selected.
14:56:52 INFO  : 'jtag frequency' command is executed.
14:56:52 INFO  : Context for 'APU' is selected.
14:56:52 INFO  : System reset is completed.
14:56:55 INFO  : 'after 3000' command is executed.
14:56:56 INFO  : 'targets -set -filter {jtag_cable_name =~ "Digilent Cora Z7 - 7007S 210370A92FA7A" && level==0 && jtag_device_ctx=="jsn-Cora Z7 - 7007S-210370A92FA7A-13722093-0"}' command is executed.
14:56:57 INFO  : Device configured successfully with "/home/rom41797/Documents/Project/DMA_demo/project_1/vitis/app/_ide/bitstream/dma_demo_wrapper.bit"
14:56:57 INFO  : Context for 'APU' is selected.
14:56:57 INFO  : Hardware design and registers information is loaded from '/home/rom41797/Documents/Project/DMA_demo/project_1/vitis/dma_demo_wrapper/export/dma_demo_wrapper/hw/dma_demo_wrapper.xsa'.
14:56:57 INFO  : 'configparams force-mem-access 1' command is executed.
14:56:57 INFO  : Context for 'APU' is selected.
14:56:57 INFO  : Sourcing of '/home/rom41797/Documents/Project/DMA_demo/project_1/vitis/app/_ide/psinit/ps7_init.tcl' is done.
14:56:57 INFO  : 'ps7_init' command is executed.
14:56:57 INFO  : 'ps7_post_config' command is executed.
14:56:57 INFO  : Context for processor 'ps7_cortexa9_0' is selected.
14:56:57 INFO  : The application '/home/rom41797/Documents/Project/DMA_demo/project_1/vitis/app/Debug/app.elf' is downloaded to processor 'ps7_cortexa9_0'.
14:56:57 INFO  : 'configparams force-mem-access 0' command is executed.
14:56:57 INFO  : ----------------XSDB Script----------------
connect -url tcp:127.0.0.1:3121
targets -set -nocase -filter {name =~"APU*"}
rst -system
after 3000
targets -set -filter {jtag_cable_name =~ "Digilent Cora Z7 - 7007S 210370A92FA7A" && level==0 && jtag_device_ctx=="jsn-Cora Z7 - 7007S-210370A92FA7A-13722093-0"}
fpga -file /home/rom41797/Documents/Project/DMA_demo/project_1/vitis/app/_ide/bitstream/dma_demo_wrapper.bit
targets -set -nocase -filter {name =~"APU*"}
loadhw -hw /home/rom41797/Documents/Project/DMA_demo/project_1/vitis/dma_demo_wrapper/export/dma_demo_wrapper/hw/dma_demo_wrapper.xsa -mem-ranges [list {0x40000000 0xbfffffff}] -regs
configparams force-mem-access 1
targets -set -nocase -filter {name =~"APU*"}
source /home/rom41797/Documents/Project/DMA_demo/project_1/vitis/app/_ide/psinit/ps7_init.tcl
ps7_init
ps7_post_config
targets -set -nocase -filter {name =~ "*A9*#0"}
dow /home/rom41797/Documents/Project/DMA_demo/project_1/vitis/app/Debug/app.elf
configparams force-mem-access 0
----------------End of Script----------------

14:56:57 INFO  : Context for processor 'ps7_cortexa9_0' is selected.
14:56:57 INFO  : 'con' command is executed.
14:56:57 INFO  : ----------------XSDB Script (After Launch)----------------
targets -set -nocase -filter {name =~ "*A9*#0"}
con
----------------End of Script----------------

14:56:57 INFO  : Launch script is exported to file '/home/rom41797/Documents/Project/DMA_demo/project_1/vitis/app_system/_ide/scripts/debugger_app-default.tcl'
14:59:02 INFO  : Disconnected from the channel tcfchan#18.
14:59:03 INFO  : Connected to target on host '127.0.0.1' and port '3121'.
14:59:03 INFO  : Jtag cable 'Digilent Cora Z7 - 7007S 210370A92FA7A' is selected.
14:59:03 INFO  : 'jtag frequency' command is executed.
14:59:03 INFO  : Context for 'APU' is selected.
14:59:03 INFO  : System reset is completed.
14:59:06 INFO  : 'after 3000' command is executed.
14:59:06 INFO  : 'targets -set -filter {jtag_cable_name =~ "Digilent Cora Z7 - 7007S 210370A92FA7A" && level==0 && jtag_device_ctx=="jsn-Cora Z7 - 7007S-210370A92FA7A-13722093-0"}' command is executed.
14:59:07 INFO  : Device configured successfully with "/home/rom41797/Documents/Project/DMA_demo/project_1/vitis/app/_ide/bitstream/dma_demo_wrapper.bit"
14:59:07 INFO  : Context for 'APU' is selected.
14:59:07 INFO  : Hardware design and registers information is loaded from '/home/rom41797/Documents/Project/DMA_demo/project_1/vitis/dma_demo_wrapper/export/dma_demo_wrapper/hw/dma_demo_wrapper.xsa'.
14:59:07 INFO  : 'configparams force-mem-access 1' command is executed.
14:59:07 INFO  : Context for 'APU' is selected.
14:59:07 INFO  : Sourcing of '/home/rom41797/Documents/Project/DMA_demo/project_1/vitis/app/_ide/psinit/ps7_init.tcl' is done.
14:59:07 INFO  : 'ps7_init' command is executed.
14:59:07 INFO  : 'ps7_post_config' command is executed.
14:59:07 INFO  : Context for processor 'ps7_cortexa9_0' is selected.
14:59:08 INFO  : The application '/home/rom41797/Documents/Project/DMA_demo/project_1/vitis/app/Debug/app.elf' is downloaded to processor 'ps7_cortexa9_0'.
14:59:08 INFO  : 'configparams force-mem-access 0' command is executed.
14:59:08 INFO  : ----------------XSDB Script----------------
connect -url tcp:127.0.0.1:3121
targets -set -nocase -filter {name =~"APU*"}
rst -system
after 3000
targets -set -filter {jtag_cable_name =~ "Digilent Cora Z7 - 7007S 210370A92FA7A" && level==0 && jtag_device_ctx=="jsn-Cora Z7 - 7007S-210370A92FA7A-13722093-0"}
fpga -file /home/rom41797/Documents/Project/DMA_demo/project_1/vitis/app/_ide/bitstream/dma_demo_wrapper.bit
targets -set -nocase -filter {name =~"APU*"}
loadhw -hw /home/rom41797/Documents/Project/DMA_demo/project_1/vitis/dma_demo_wrapper/export/dma_demo_wrapper/hw/dma_demo_wrapper.xsa -mem-ranges [list {0x40000000 0xbfffffff}] -regs
configparams force-mem-access 1
targets -set -nocase -filter {name =~"APU*"}
source /home/rom41797/Documents/Project/DMA_demo/project_1/vitis/app/_ide/psinit/ps7_init.tcl
ps7_init
ps7_post_config
targets -set -nocase -filter {name =~ "*A9*#0"}
dow /home/rom41797/Documents/Project/DMA_demo/project_1/vitis/app/Debug/app.elf
configparams force-mem-access 0
----------------End of Script----------------

14:59:08 INFO  : Context for processor 'ps7_cortexa9_0' is selected.
14:59:08 INFO  : 'con' command is executed.
14:59:08 INFO  : ----------------XSDB Script (After Launch)----------------
targets -set -nocase -filter {name =~ "*A9*#0"}
con
----------------End of Script----------------

14:59:08 INFO  : Launch script is exported to file '/home/rom41797/Documents/Project/DMA_demo/project_1/vitis/app_system/_ide/scripts/debugger_app-default.tcl'
15:01:39 INFO  : Disconnected from the channel tcfchan#19.
15:01:40 INFO  : Connected to target on host '127.0.0.1' and port '3121'.
15:01:40 INFO  : Jtag cable 'Digilent Cora Z7 - 7007S 210370A92FA7A' is selected.
15:01:40 INFO  : 'jtag frequency' command is executed.
15:01:40 INFO  : Context for 'APU' is selected.
15:01:40 INFO  : System reset is completed.
15:01:43 INFO  : 'after 3000' command is executed.
15:01:43 INFO  : 'targets -set -filter {jtag_cable_name =~ "Digilent Cora Z7 - 7007S 210370A92FA7A" && level==0 && jtag_device_ctx=="jsn-Cora Z7 - 7007S-210370A92FA7A-13722093-0"}' command is executed.
15:01:44 INFO  : Device configured successfully with "/home/rom41797/Documents/Project/DMA_demo/project_1/vitis/app/_ide/bitstream/dma_demo_wrapper.bit"
15:01:44 INFO  : Context for 'APU' is selected.
15:01:44 INFO  : Hardware design and registers information is loaded from '/home/rom41797/Documents/Project/DMA_demo/project_1/vitis/dma_demo_wrapper/export/dma_demo_wrapper/hw/dma_demo_wrapper.xsa'.
15:01:44 INFO  : 'configparams force-mem-access 1' command is executed.
15:01:44 INFO  : Context for 'APU' is selected.
15:01:44 INFO  : Sourcing of '/home/rom41797/Documents/Project/DMA_demo/project_1/vitis/app/_ide/psinit/ps7_init.tcl' is done.
15:01:45 INFO  : 'ps7_init' command is executed.
15:01:45 INFO  : 'ps7_post_config' command is executed.
15:01:45 INFO  : Context for processor 'ps7_cortexa9_0' is selected.
15:01:45 INFO  : The application '/home/rom41797/Documents/Project/DMA_demo/project_1/vitis/app/Debug/app.elf' is downloaded to processor 'ps7_cortexa9_0'.
15:01:45 INFO  : 'configparams force-mem-access 0' command is executed.
15:01:45 INFO  : ----------------XSDB Script----------------
connect -url tcp:127.0.0.1:3121
targets -set -nocase -filter {name =~"APU*"}
rst -system
after 3000
targets -set -filter {jtag_cable_name =~ "Digilent Cora Z7 - 7007S 210370A92FA7A" && level==0 && jtag_device_ctx=="jsn-Cora Z7 - 7007S-210370A92FA7A-13722093-0"}
fpga -file /home/rom41797/Documents/Project/DMA_demo/project_1/vitis/app/_ide/bitstream/dma_demo_wrapper.bit
targets -set -nocase -filter {name =~"APU*"}
loadhw -hw /home/rom41797/Documents/Project/DMA_demo/project_1/vitis/dma_demo_wrapper/export/dma_demo_wrapper/hw/dma_demo_wrapper.xsa -mem-ranges [list {0x40000000 0xbfffffff}] -regs
configparams force-mem-access 1
targets -set -nocase -filter {name =~"APU*"}
source /home/rom41797/Documents/Project/DMA_demo/project_1/vitis/app/_ide/psinit/ps7_init.tcl
ps7_init
ps7_post_config
targets -set -nocase -filter {name =~ "*A9*#0"}
dow /home/rom41797/Documents/Project/DMA_demo/project_1/vitis/app/Debug/app.elf
configparams force-mem-access 0
----------------End of Script----------------

15:01:45 INFO  : Context for processor 'ps7_cortexa9_0' is selected.
15:01:45 INFO  : 'con' command is executed.
15:01:45 INFO  : ----------------XSDB Script (After Launch)----------------
targets -set -nocase -filter {name =~ "*A9*#0"}
con
----------------End of Script----------------

15:01:45 INFO  : Launch script is exported to file '/home/rom41797/Documents/Project/DMA_demo/project_1/vitis/app_system/_ide/scripts/debugger_app-default.tcl'
15:09:04 INFO  : Disconnected from the channel tcfchan#20.
10:33:50 INFO  : Launching XSCT server: xsct -n  -interactive /home/rom41797/Documents/Project/DMA_SG_polling/vitis/temp_xsdb_launch_script.tcl
10:33:52 ERROR : Error encountered while initializing user repository paths
Reason: No Platforms Found.


10:33:52 INFO  : Platform repository initialization has completed.
10:33:52 INFO  : Registering command handlers for Vitis TCF services
10:33:53 INFO  : XSCT server has started successfully.
10:33:53 INFO  : plnx-install-location is set to ''
10:33:53 INFO  : Successfully done setting XSCT server connection channel  
10:33:53 INFO  : Successfully done query RDI_DATADIR 
10:33:53 INFO  : Successfully done setting workspace for the tool. 
10:34:41 INFO  : Hardware specification for platform project 'dma_demo_wrapper' is updated.
10:34:59 INFO  : Result from executing command 'getProjects': dma_demo_wrapper
10:34:59 INFO  : Result from executing command 'getPlatforms': 
10:35:02 INFO  : Checking for BSP changes to sync application flags for project 'app'...
10:35:30 INFO  : Connected to target on host '127.0.0.1' and port '3121'.
10:35:30 INFO  : Jtag cable 'Digilent Cora Z7 - 7007S 210370A92FA7A' is selected.
10:35:30 INFO  : 'jtag frequency' command is executed.
10:35:30 INFO  : Context for 'APU' is selected.
10:35:30 INFO  : System reset is completed.
10:35:33 INFO  : 'after 3000' command is executed.
10:35:33 INFO  : 'targets -set -filter {jtag_cable_name =~ "Digilent Cora Z7 - 7007S 210370A92FA7A" && level==0 && jtag_device_ctx=="jsn-Cora Z7 - 7007S-210370A92FA7A-13722093-0"}' command is executed.
10:35:34 INFO  : Device configured successfully with "/home/rom41797/Documents/Project/DMA_SG_polling/vitis/app/_ide/bitstream/dma_demo_wrapper.bit"
10:35:34 INFO  : Context for 'APU' is selected.
10:35:34 INFO  : Hardware design and registers information is loaded from '/home/rom41797/Documents/Project/DMA_SG_polling/vitis/dma_demo_wrapper/export/dma_demo_wrapper/hw/dma_demo_wrapper.xsa'.
10:35:34 INFO  : 'configparams force-mem-access 1' command is executed.
10:35:34 INFO  : Context for 'APU' is selected.
10:35:34 INFO  : Sourcing of '/home/rom41797/Documents/Project/DMA_SG_polling/vitis/app/_ide/psinit/ps7_init.tcl' is done.
10:35:35 INFO  : 'ps7_init' command is executed.
10:35:35 INFO  : 'ps7_post_config' command is executed.
10:35:35 INFO  : Context for processor 'ps7_cortexa9_0' is selected.
10:35:35 INFO  : The application '/home/rom41797/Documents/Project/DMA_SG_polling/vitis/app/Debug/app.elf' is downloaded to processor 'ps7_cortexa9_0'.
10:35:35 INFO  : 'configparams force-mem-access 0' command is executed.
10:35:35 INFO  : ----------------XSDB Script----------------
connect -url tcp:127.0.0.1:3121
targets -set -nocase -filter {name =~"APU*"}
rst -system
after 3000
targets -set -filter {jtag_cable_name =~ "Digilent Cora Z7 - 7007S 210370A92FA7A" && level==0 && jtag_device_ctx=="jsn-Cora Z7 - 7007S-210370A92FA7A-13722093-0"}
fpga -file /home/rom41797/Documents/Project/DMA_SG_polling/vitis/app/_ide/bitstream/dma_demo_wrapper.bit
targets -set -nocase -filter {name =~"APU*"}
loadhw -hw /home/rom41797/Documents/Project/DMA_SG_polling/vitis/dma_demo_wrapper/export/dma_demo_wrapper/hw/dma_demo_wrapper.xsa -mem-ranges [list {0x40000000 0xbfffffff}] -regs
configparams force-mem-access 1
targets -set -nocase -filter {name =~"APU*"}
source /home/rom41797/Documents/Project/DMA_SG_polling/vitis/app/_ide/psinit/ps7_init.tcl
ps7_init
ps7_post_config
targets -set -nocase -filter {name =~ "*A9*#0"}
dow /home/rom41797/Documents/Project/DMA_SG_polling/vitis/app/Debug/app.elf
configparams force-mem-access 0
----------------End of Script----------------

10:35:35 INFO  : Context for processor 'ps7_cortexa9_0' is selected.
10:35:35 INFO  : 'con' command is executed.
10:35:35 INFO  : ----------------XSDB Script (After Launch)----------------
targets -set -nocase -filter {name =~ "*A9*#0"}
con
----------------End of Script----------------

10:35:35 INFO  : Launch script is exported to file '/home/rom41797/Documents/Project/DMA_SG_polling/vitis/app_system/_ide/scripts/debugger_app-default.tcl'
10:35:54 INFO  : Disconnected from the channel tcfchan#3.
