16:46:31 INFO  : Launching XSCT server: xsct -n  -interactive /home/rom41797/Documents/Project/DMA_demo_no_SG/project_1/vitis/temp_xsdb_launch_script.tcl
16:46:31 INFO  : Registering command handlers for Vitis TCF services
16:46:33 INFO  : Platform repository initialization has completed.
16:46:33 INFO  : XSCT server has started successfully.
16:46:33 INFO  : Successfully done setting XSCT server connection channel  
16:46:33 INFO  : plnx-install-location is set to ''
16:46:33 INFO  : Successfully done setting workspace for the tool. 
16:46:33 INFO  : Successfully done query RDI_DATADIR 
16:47:13 INFO  : Result from executing command 'getProjects': dma_demo_wrapper
16:47:13 INFO  : Result from executing command 'getPlatforms': 
16:47:13 WARN  : An unexpected exception occurred in the module 'platform project logging'
16:47:13 INFO  : Platform 'dma_demo_wrapper' is added to custom repositories.
16:47:18 INFO  : Platform 'dma_demo_wrapper' is added to custom repositories.
16:50:22 INFO  : Result from executing command 'getProjects': dma_demo_wrapper
16:50:22 INFO  : Result from executing command 'getPlatforms': dma_demo_wrapper|/home/rom41797/Documents/Project/DMA_demo_no_SG/project_1/vitis/dma_demo_wrapper/export/dma_demo_wrapper/dma_demo_wrapper.xpfm
16:50:25 INFO  : Checking for BSP changes to sync application flags for project 'app'...
16:50:46 INFO  : Connected to target on host '127.0.0.1' and port '3121'.
16:50:47 INFO  : Jtag cable 'Digilent Cora Z7 - 7007S 210370A92FA7A' is selected.
16:50:47 INFO  : 'jtag frequency' command is executed.
16:50:47 INFO  : Context for 'APU' is selected.
16:50:47 INFO  : System reset is completed.
16:50:50 INFO  : 'after 3000' command is executed.
16:50:50 INFO  : 'targets -set -filter {jtag_cable_name =~ "Digilent Cora Z7 - 7007S 210370A92FA7A" && level==0 && jtag_device_ctx=="jsn-Cora Z7 - 7007S-210370A92FA7A-13722093-0"}' command is executed.
16:50:51 INFO  : Device configured successfully with "/home/rom41797/Documents/Project/DMA_demo_no_SG/project_1/vitis/app/_ide/bitstream/dma_demo_wrapper.bit"
16:50:51 INFO  : Context for 'APU' is selected.
16:50:51 INFO  : Hardware design and registers information is loaded from '/home/rom41797/Documents/Project/DMA_demo_no_SG/project_1/vitis/dma_demo_wrapper/export/dma_demo_wrapper/hw/dma_demo_wrapper.xsa'.
16:50:51 INFO  : 'configparams force-mem-access 1' command is executed.
16:50:51 INFO  : Context for 'APU' is selected.
16:50:51 INFO  : Sourcing of '/home/rom41797/Documents/Project/DMA_demo_no_SG/project_1/vitis/app/_ide/psinit/ps7_init.tcl' is done.
16:50:52 INFO  : 'ps7_init' command is executed.
16:50:52 INFO  : 'ps7_post_config' command is executed.
16:50:52 INFO  : Context for processor 'ps7_cortexa9_0' is selected.
16:50:52 INFO  : The application '/home/rom41797/Documents/Project/DMA_demo_no_SG/project_1/vitis/app/Debug/app.elf' is downloaded to processor 'ps7_cortexa9_0'.
16:50:52 INFO  : 'configparams force-mem-access 0' command is executed.
16:50:52 INFO  : ----------------XSDB Script----------------
connect -url tcp:127.0.0.1:3121
targets -set -nocase -filter {name =~"APU*"}
rst -system
after 3000
targets -set -filter {jtag_cable_name =~ "Digilent Cora Z7 - 7007S 210370A92FA7A" && level==0 && jtag_device_ctx=="jsn-Cora Z7 - 7007S-210370A92FA7A-13722093-0"}
fpga -file /home/rom41797/Documents/Project/DMA_demo_no_SG/project_1/vitis/app/_ide/bitstream/dma_demo_wrapper.bit
targets -set -nocase -filter {name =~"APU*"}
loadhw -hw /home/rom41797/Documents/Project/DMA_demo_no_SG/project_1/vitis/dma_demo_wrapper/export/dma_demo_wrapper/hw/dma_demo_wrapper.xsa -mem-ranges [list {0x40000000 0xbfffffff}] -regs
configparams force-mem-access 1
targets -set -nocase -filter {name =~"APU*"}
source /home/rom41797/Documents/Project/DMA_demo_no_SG/project_1/vitis/app/_ide/psinit/ps7_init.tcl
ps7_init
ps7_post_config
targets -set -nocase -filter {name =~ "*A9*#0"}
dow /home/rom41797/Documents/Project/DMA_demo_no_SG/project_1/vitis/app/Debug/app.elf
configparams force-mem-access 0
----------------End of Script----------------

16:50:52 INFO  : Context for processor 'ps7_cortexa9_0' is selected.
16:50:52 INFO  : 'con' command is executed.
16:50:52 INFO  : ----------------XSDB Script (After Launch)----------------
targets -set -nocase -filter {name =~ "*A9*#0"}
con
----------------End of Script----------------

16:50:52 INFO  : Launch script is exported to file '/home/rom41797/Documents/Project/DMA_demo_no_SG/project_1/vitis/app_system/_ide/scripts/debugger_app-default.tcl'
16:53:35 INFO  : Checking for BSP changes to sync application flags for project 'app'...
16:53:45 INFO  : Disconnected from the channel tcfchan#2.
16:53:46 INFO  : Connected to target on host '127.0.0.1' and port '3121'.
16:53:47 INFO  : Jtag cable 'Digilent Cora Z7 - 7007S 210370A92FA7A' is selected.
16:53:47 INFO  : 'jtag frequency' command is executed.
16:53:47 INFO  : Context for 'APU' is selected.
16:53:47 INFO  : System reset is completed.
16:53:50 INFO  : 'after 3000' command is executed.
16:53:50 INFO  : 'targets -set -filter {jtag_cable_name =~ "Digilent Cora Z7 - 7007S 210370A92FA7A" && level==0 && jtag_device_ctx=="jsn-Cora Z7 - 7007S-210370A92FA7A-13722093-0"}' command is executed.
16:53:51 INFO  : Device configured successfully with "/home/rom41797/Documents/Project/DMA_demo_no_SG/project_1/vitis/app/_ide/bitstream/dma_demo_wrapper.bit"
16:53:51 INFO  : Context for 'APU' is selected.
16:53:51 INFO  : Hardware design and registers information is loaded from '/home/rom41797/Documents/Project/DMA_demo_no_SG/project_1/vitis/dma_demo_wrapper/export/dma_demo_wrapper/hw/dma_demo_wrapper.xsa'.
16:53:51 INFO  : 'configparams force-mem-access 1' command is executed.
16:53:51 INFO  : Context for 'APU' is selected.
16:53:51 INFO  : Sourcing of '/home/rom41797/Documents/Project/DMA_demo_no_SG/project_1/vitis/app/_ide/psinit/ps7_init.tcl' is done.
16:53:51 INFO  : 'ps7_init' command is executed.
16:53:51 INFO  : 'ps7_post_config' command is executed.
16:53:51 INFO  : Context for processor 'ps7_cortexa9_0' is selected.
16:53:51 INFO  : The application '/home/rom41797/Documents/Project/DMA_demo_no_SG/project_1/vitis/app/Debug/app.elf' is downloaded to processor 'ps7_cortexa9_0'.
16:53:51 INFO  : 'configparams force-mem-access 0' command is executed.
16:53:51 INFO  : ----------------XSDB Script----------------
connect -url tcp:127.0.0.1:3121
targets -set -nocase -filter {name =~"APU*"}
rst -system
after 3000
targets -set -filter {jtag_cable_name =~ "Digilent Cora Z7 - 7007S 210370A92FA7A" && level==0 && jtag_device_ctx=="jsn-Cora Z7 - 7007S-210370A92FA7A-13722093-0"}
fpga -file /home/rom41797/Documents/Project/DMA_demo_no_SG/project_1/vitis/app/_ide/bitstream/dma_demo_wrapper.bit
targets -set -nocase -filter {name =~"APU*"}
loadhw -hw /home/rom41797/Documents/Project/DMA_demo_no_SG/project_1/vitis/dma_demo_wrapper/export/dma_demo_wrapper/hw/dma_demo_wrapper.xsa -mem-ranges [list {0x40000000 0xbfffffff}] -regs
configparams force-mem-access 1
targets -set -nocase -filter {name =~"APU*"}
source /home/rom41797/Documents/Project/DMA_demo_no_SG/project_1/vitis/app/_ide/psinit/ps7_init.tcl
ps7_init
ps7_post_config
targets -set -nocase -filter {name =~ "*A9*#0"}
dow /home/rom41797/Documents/Project/DMA_demo_no_SG/project_1/vitis/app/Debug/app.elf
configparams force-mem-access 0
----------------End of Script----------------

16:53:52 INFO  : Context for processor 'ps7_cortexa9_0' is selected.
16:53:52 INFO  : 'con' command is executed.
16:53:52 INFO  : ----------------XSDB Script (After Launch)----------------
targets -set -nocase -filter {name =~ "*A9*#0"}
con
----------------End of Script----------------

16:53:52 INFO  : Launch script is exported to file '/home/rom41797/Documents/Project/DMA_demo_no_SG/project_1/vitis/app_system/_ide/scripts/debugger_app-default.tcl'
16:54:03 INFO  : Disconnected from the channel tcfchan#3.
10:12:55 INFO  : Launching XSCT server: xsct -n  -interactive /home/rom41797/Documents/Project/DMA_simple_polling/vitis/temp_xsdb_launch_script.tcl
10:12:57 INFO  : XSCT server has started successfully.
10:12:57 INFO  : plnx-install-location is set to ''
10:12:57 INFO  : Successfully done setting XSCT server connection channel  
10:12:57 INFO  : Successfully done setting workspace for the tool. 
10:12:58 INFO  : Platform repository initialization has completed.
10:12:58 INFO  : Successfully done query RDI_DATADIR 
10:12:58 INFO  : Registering command handlers for Vitis TCF services
10:13:34 INFO  : Checking for BSP changes to sync application flags for project 'app'...
10:13:48 INFO  : Connected to target on host '127.0.0.1' and port '3121'.
10:13:49 INFO  : Jtag cable 'Digilent Cora Z7 - 7007S 210370A92FA7A' is selected.
10:13:49 INFO  : 'jtag frequency' command is executed.
10:13:49 INFO  : Context for 'APU' is selected.
10:13:49 INFO  : System reset is completed.
10:13:52 INFO  : 'after 3000' command is executed.
10:13:52 INFO  : 'targets -set -filter {jtag_cable_name =~ "Digilent Cora Z7 - 7007S 210370A92FA7A" && level==0 && jtag_device_ctx=="jsn-Cora Z7 - 7007S-210370A92FA7A-13722093-0"}' command is executed.
10:13:53 INFO  : Device configured successfully with "/home/rom41797/Documents/Project/DMA_simple_polling/vitis/app/_ide/bitstream/dma_demo_wrapper.bit"
10:13:53 INFO  : Context for 'APU' is selected.
10:13:53 INFO  : Hardware design and registers information is loaded from '/home/rom41797/Documents/Project/DMA_demo_no_SG/project_1/vitis/dma_demo_wrapper/export/dma_demo_wrapper/hw/dma_demo_wrapper.xsa'.
10:13:53 INFO  : 'configparams force-mem-access 1' command is executed.
10:13:53 INFO  : Context for 'APU' is selected.
10:13:53 INFO  : Sourcing of '/home/rom41797/Documents/Project/DMA_simple_polling/vitis/app/_ide/psinit/ps7_init.tcl' is done.
10:13:54 INFO  : 'ps7_init' command is executed.
10:13:54 INFO  : 'ps7_post_config' command is executed.
10:13:54 INFO  : Context for processor 'ps7_cortexa9_0' is selected.
10:13:54 INFO  : The application '/home/rom41797/Documents/Project/DMA_simple_polling/vitis/app/Debug/app.elf' is downloaded to processor 'ps7_cortexa9_0'.
10:13:54 INFO  : 'configparams force-mem-access 0' command is executed.
10:13:54 INFO  : ----------------XSDB Script----------------
connect -url tcp:127.0.0.1:3121
targets -set -nocase -filter {name =~"APU*"}
rst -system
after 3000
targets -set -filter {jtag_cable_name =~ "Digilent Cora Z7 - 7007S 210370A92FA7A" && level==0 && jtag_device_ctx=="jsn-Cora Z7 - 7007S-210370A92FA7A-13722093-0"}
fpga -file /home/rom41797/Documents/Project/DMA_simple_polling/vitis/app/_ide/bitstream/dma_demo_wrapper.bit
targets -set -nocase -filter {name =~"APU*"}
loadhw -hw /home/rom41797/Documents/Project/DMA_demo_no_SG/project_1/vitis/dma_demo_wrapper/export/dma_demo_wrapper/hw/dma_demo_wrapper.xsa -mem-ranges [list {0x40000000 0xbfffffff}] -regs
configparams force-mem-access 1
targets -set -nocase -filter {name =~"APU*"}
source /home/rom41797/Documents/Project/DMA_simple_polling/vitis/app/_ide/psinit/ps7_init.tcl
ps7_init
ps7_post_config
targets -set -nocase -filter {name =~ "*A9*#0"}
dow /home/rom41797/Documents/Project/DMA_simple_polling/vitis/app/Debug/app.elf
configparams force-mem-access 0
----------------End of Script----------------

10:13:54 INFO  : Context for processor 'ps7_cortexa9_0' is selected.
10:13:54 INFO  : 'con' command is executed.
10:13:54 INFO  : ----------------XSDB Script (After Launch)----------------
targets -set -nocase -filter {name =~ "*A9*#0"}
con
----------------End of Script----------------

10:13:54 INFO  : Launch script is exported to file '/home/rom41797/Documents/Project/DMA_simple_polling/vitis/app_system/_ide/scripts/debugger_app-default.tcl'
10:14:09 INFO  : Disconnected from the channel tcfchan#1.
11:33:11 INFO  : Launching XSCT server: xsct -n  -interactive /home/rom41797/Documents/Project/CDMA_simple_polling/vitis/temp_xsdb_launch_script.tcl
11:33:13 INFO  : XSCT server has started successfully.
11:33:13 INFO  : plnx-install-location is set to ''
11:33:13 INFO  : Successfully done setting XSCT server connection channel  
11:33:13 INFO  : Successfully done setting workspace for the tool. 
11:33:13 ERROR : Error encountered while initializing user repository paths
Reason: No Platforms Found.


11:33:13 INFO  : Platform repository initialization has completed.
11:33:13 INFO  : Successfully done query RDI_DATADIR 
11:33:13 INFO  : Registering command handlers for Vitis TCF services
11:34:26 INFO  : Hardware specification for platform project 'dma_demo_wrapper' is updated.
11:34:37 INFO  : Result from executing command 'getProjects': dma_demo_wrapper
11:34:37 INFO  : Result from executing command 'getPlatforms': 
11:54:25 INFO  : Result from executing command 'getProjects': dma_demo_wrapper
11:54:25 INFO  : Result from executing command 'getPlatforms': dma_demo_wrapper|/home/rom41797/Documents/Project/CDMA_simple_polling/vitis/dma_demo_wrapper/export/dma_demo_wrapper/dma_demo_wrapper.xpfm
11:54:28 INFO  : Checking for BSP changes to sync application flags for project 'app'...
11:54:29 INFO  : Updating application flags with new BSP settings...
11:54:29 INFO  : Successfully updated application flags for project app.
11:55:03 INFO  : The hardware specfication used by project 'app' is out of sync with the platform. Resource files extracted from the hardware specfiication will be updated.
11:55:03 INFO  : The file '/home/rom41797/Documents/Project/CDMA_simple_polling/vitis/app/_ide/bitstream/dma_demo_wrapper.bit' stored in project is removed.
11:55:03 INFO  : The updated bitstream files are copied from platform to folder '/home/rom41797/Documents/Project/CDMA_simple_polling/vitis/app/_ide/bitstream' in project 'app'.
11:55:03 INFO  : The file '/home/rom41797/Documents/Project/CDMA_simple_polling/vitis/app/_ide/psinit/ps7_init.tcl' stored in project is removed.
11:55:06 INFO  : The updated ps init files are copied from platform to folder '/home/rom41797/Documents/Project/CDMA_simple_polling/vitis/app/_ide/psinit' in project 'app'.
11:55:07 INFO  : Connected to target on host '127.0.0.1' and port '3121'.
11:55:07 INFO  : Jtag cable 'Digilent Cora Z7 - 7007S 210370A92FA7A' is selected.
11:55:07 INFO  : 'jtag frequency' command is executed.
11:55:07 INFO  : Context for 'APU' is selected.
11:55:07 INFO  : System reset is completed.
11:55:10 INFO  : 'after 3000' command is executed.
11:55:10 INFO  : 'targets -set -filter {jtag_cable_name =~ "Digilent Cora Z7 - 7007S 210370A92FA7A" && level==0 && jtag_device_ctx=="jsn-Cora Z7 - 7007S-210370A92FA7A-13722093-0"}' command is executed.
11:55:11 INFO  : Device configured successfully with "/home/rom41797/Documents/Project/CDMA_simple_polling/vitis/app/_ide/bitstream/dma_demo_wrapper.bit"
11:55:11 INFO  : Context for 'APU' is selected.
11:55:11 INFO  : Hardware design and registers information is loaded from '/home/rom41797/Documents/Project/CDMA_simple_polling/vitis/dma_demo_wrapper/export/dma_demo_wrapper/hw/dma_demo_wrapper.xsa'.
11:55:11 INFO  : 'configparams force-mem-access 1' command is executed.
11:55:11 INFO  : Context for 'APU' is selected.
11:55:11 INFO  : Sourcing of '/home/rom41797/Documents/Project/CDMA_simple_polling/vitis/app/_ide/psinit/ps7_init.tcl' is done.
11:55:12 INFO  : 'ps7_init' command is executed.
11:55:12 INFO  : 'ps7_post_config' command is executed.
11:55:12 INFO  : Context for processor 'ps7_cortexa9_0' is selected.
11:55:12 INFO  : The application '/home/rom41797/Documents/Project/CDMA_simple_polling/vitis/app/Debug/app.elf' is downloaded to processor 'ps7_cortexa9_0'.
11:55:12 INFO  : 'configparams force-mem-access 0' command is executed.
11:55:12 INFO  : ----------------XSDB Script----------------
connect -url tcp:127.0.0.1:3121
targets -set -nocase -filter {name =~"APU*"}
rst -system
after 3000
targets -set -filter {jtag_cable_name =~ "Digilent Cora Z7 - 7007S 210370A92FA7A" && level==0 && jtag_device_ctx=="jsn-Cora Z7 - 7007S-210370A92FA7A-13722093-0"}
fpga -file /home/rom41797/Documents/Project/CDMA_simple_polling/vitis/app/_ide/bitstream/dma_demo_wrapper.bit
targets -set -nocase -filter {name =~"APU*"}
loadhw -hw /home/rom41797/Documents/Project/CDMA_simple_polling/vitis/dma_demo_wrapper/export/dma_demo_wrapper/hw/dma_demo_wrapper.xsa -mem-ranges [list {0x40000000 0xbfffffff}] -regs
configparams force-mem-access 1
targets -set -nocase -filter {name =~"APU*"}
source /home/rom41797/Documents/Project/CDMA_simple_polling/vitis/app/_ide/psinit/ps7_init.tcl
ps7_init
ps7_post_config
targets -set -nocase -filter {name =~ "*A9*#0"}
dow /home/rom41797/Documents/Project/CDMA_simple_polling/vitis/app/Debug/app.elf
configparams force-mem-access 0
----------------End of Script----------------

11:55:12 INFO  : Context for processor 'ps7_cortexa9_0' is selected.
11:55:12 INFO  : 'con' command is executed.
11:55:12 INFO  : ----------------XSDB Script (After Launch)----------------
targets -set -nocase -filter {name =~ "*A9*#0"}
con
----------------End of Script----------------

11:55:12 INFO  : Launch script is exported to file '/home/rom41797/Documents/Project/CDMA_simple_polling/vitis/app_system/_ide/scripts/debugger_app-default.tcl'
11:58:37 INFO  : Disconnected from the channel tcfchan#4.
11:58:38 INFO  : Connected to target on host '127.0.0.1' and port '3121'.
11:58:39 INFO  : Jtag cable 'Digilent Cora Z7 - 7007S 210370A92FA7A' is selected.
11:58:39 INFO  : 'jtag frequency' command is executed.
11:58:39 INFO  : Context for 'APU' is selected.
11:58:39 INFO  : System reset is completed.
11:58:42 INFO  : 'after 3000' command is executed.
11:58:42 INFO  : 'targets -set -filter {jtag_cable_name =~ "Digilent Cora Z7 - 7007S 210370A92FA7A" && level==0 && jtag_device_ctx=="jsn-Cora Z7 - 7007S-210370A92FA7A-13722093-0"}' command is executed.
11:58:43 INFO  : Device configured successfully with "/home/rom41797/Documents/Project/CDMA_simple_polling/vitis/app/_ide/bitstream/dma_demo_wrapper.bit"
11:58:43 INFO  : Context for 'APU' is selected.
11:58:43 INFO  : Hardware design and registers information is loaded from '/home/rom41797/Documents/Project/CDMA_simple_polling/vitis/dma_demo_wrapper/export/dma_demo_wrapper/hw/dma_demo_wrapper.xsa'.
11:58:43 INFO  : 'configparams force-mem-access 1' command is executed.
11:58:43 INFO  : Context for 'APU' is selected.
11:58:43 INFO  : Sourcing of '/home/rom41797/Documents/Project/CDMA_simple_polling/vitis/app/_ide/psinit/ps7_init.tcl' is done.
11:58:43 INFO  : 'ps7_init' command is executed.
11:58:43 INFO  : 'ps7_post_config' command is executed.
11:58:43 INFO  : Context for processor 'ps7_cortexa9_0' is selected.
11:58:43 INFO  : The application '/home/rom41797/Documents/Project/CDMA_simple_polling/vitis/app/Debug/app.elf' is downloaded to processor 'ps7_cortexa9_0'.
11:58:43 INFO  : 'configparams force-mem-access 0' command is executed.
11:58:43 INFO  : ----------------XSDB Script----------------
connect -url tcp:127.0.0.1:3121
targets -set -nocase -filter {name =~"APU*"}
rst -system
after 3000
targets -set -filter {jtag_cable_name =~ "Digilent Cora Z7 - 7007S 210370A92FA7A" && level==0 && jtag_device_ctx=="jsn-Cora Z7 - 7007S-210370A92FA7A-13722093-0"}
fpga -file /home/rom41797/Documents/Project/CDMA_simple_polling/vitis/app/_ide/bitstream/dma_demo_wrapper.bit
targets -set -nocase -filter {name =~"APU*"}
loadhw -hw /home/rom41797/Documents/Project/CDMA_simple_polling/vitis/dma_demo_wrapper/export/dma_demo_wrapper/hw/dma_demo_wrapper.xsa -mem-ranges [list {0x40000000 0xbfffffff}] -regs
configparams force-mem-access 1
targets -set -nocase -filter {name =~"APU*"}
source /home/rom41797/Documents/Project/CDMA_simple_polling/vitis/app/_ide/psinit/ps7_init.tcl
ps7_init
ps7_post_config
targets -set -nocase -filter {name =~ "*A9*#0"}
dow /home/rom41797/Documents/Project/CDMA_simple_polling/vitis/app/Debug/app.elf
configparams force-mem-access 0
----------------End of Script----------------

11:58:43 INFO  : Context for processor 'ps7_cortexa9_0' is selected.
11:58:44 INFO  : 'con' command is executed.
11:58:44 INFO  : ----------------XSDB Script (After Launch)----------------
targets -set -nocase -filter {name =~ "*A9*#0"}
con
----------------End of Script----------------

11:58:44 INFO  : Launch script is exported to file '/home/rom41797/Documents/Project/CDMA_simple_polling/vitis/app_system/_ide/scripts/debugger_app-default.tcl'
12:01:24 INFO  : Disconnected from the channel tcfchan#5.
12:01:25 INFO  : Connected to target on host '127.0.0.1' and port '3121'.
12:01:25 INFO  : Jtag cable 'Digilent Cora Z7 - 7007S 210370A92FA7A' is selected.
12:01:25 INFO  : 'jtag frequency' command is executed.
12:01:25 INFO  : Context for 'APU' is selected.
12:01:25 INFO  : System reset is completed.
12:01:28 INFO  : 'after 3000' command is executed.
12:01:28 INFO  : 'targets -set -filter {jtag_cable_name =~ "Digilent Cora Z7 - 7007S 210370A92FA7A" && level==0 && jtag_device_ctx=="jsn-Cora Z7 - 7007S-210370A92FA7A-13722093-0"}' command is executed.
12:01:30 INFO  : Device configured successfully with "/home/rom41797/Documents/Project/CDMA_simple_polling/vitis/app/_ide/bitstream/dma_demo_wrapper.bit"
12:01:30 INFO  : Context for 'APU' is selected.
12:01:30 INFO  : Hardware design and registers information is loaded from '/home/rom41797/Documents/Project/CDMA_simple_polling/vitis/dma_demo_wrapper/export/dma_demo_wrapper/hw/dma_demo_wrapper.xsa'.
12:01:30 INFO  : 'configparams force-mem-access 1' command is executed.
12:01:30 INFO  : Context for 'APU' is selected.
12:01:30 INFO  : Sourcing of '/home/rom41797/Documents/Project/CDMA_simple_polling/vitis/app/_ide/psinit/ps7_init.tcl' is done.
12:01:30 INFO  : 'ps7_init' command is executed.
12:01:30 INFO  : 'ps7_post_config' command is executed.
12:01:30 INFO  : Context for processor 'ps7_cortexa9_0' is selected.
12:01:30 INFO  : The application '/home/rom41797/Documents/Project/CDMA_simple_polling/vitis/app/Debug/app.elf' is downloaded to processor 'ps7_cortexa9_0'.
12:01:30 INFO  : 'configparams force-mem-access 0' command is executed.
12:01:30 INFO  : ----------------XSDB Script----------------
connect -url tcp:127.0.0.1:3121
targets -set -nocase -filter {name =~"APU*"}
rst -system
after 3000
targets -set -filter {jtag_cable_name =~ "Digilent Cora Z7 - 7007S 210370A92FA7A" && level==0 && jtag_device_ctx=="jsn-Cora Z7 - 7007S-210370A92FA7A-13722093-0"}
fpga -file /home/rom41797/Documents/Project/CDMA_simple_polling/vitis/app/_ide/bitstream/dma_demo_wrapper.bit
targets -set -nocase -filter {name =~"APU*"}
loadhw -hw /home/rom41797/Documents/Project/CDMA_simple_polling/vitis/dma_demo_wrapper/export/dma_demo_wrapper/hw/dma_demo_wrapper.xsa -mem-ranges [list {0x40000000 0xbfffffff}] -regs
configparams force-mem-access 1
targets -set -nocase -filter {name =~"APU*"}
source /home/rom41797/Documents/Project/CDMA_simple_polling/vitis/app/_ide/psinit/ps7_init.tcl
ps7_init
ps7_post_config
targets -set -nocase -filter {name =~ "*A9*#0"}
dow /home/rom41797/Documents/Project/CDMA_simple_polling/vitis/app/Debug/app.elf
configparams force-mem-access 0
----------------End of Script----------------

12:01:30 INFO  : Context for processor 'ps7_cortexa9_0' is selected.
12:01:30 INFO  : 'con' command is executed.
12:01:30 INFO  : ----------------XSDB Script (After Launch)----------------
targets -set -nocase -filter {name =~ "*A9*#0"}
con
----------------End of Script----------------

12:01:30 INFO  : Launch script is exported to file '/home/rom41797/Documents/Project/CDMA_simple_polling/vitis/app_system/_ide/scripts/debugger_app-default.tcl'
12:04:56 INFO  : Checking for BSP changes to sync application flags for project 'app'...
12:05:03 INFO  : Checking for BSP changes to sync application flags for project 'app'...
12:05:14 INFO  : Disconnected from the channel tcfchan#6.
12:05:15 INFO  : Connected to target on host '127.0.0.1' and port '3121'.
12:05:15 INFO  : Jtag cable 'Digilent Cora Z7 - 7007S 210370A92FA7A' is selected.
12:05:15 INFO  : 'jtag frequency' command is executed.
12:05:15 INFO  : Context for 'APU' is selected.
12:05:16 INFO  : System reset is completed.
12:05:19 INFO  : 'after 3000' command is executed.
12:05:19 INFO  : 'targets -set -filter {jtag_cable_name =~ "Digilent Cora Z7 - 7007S 210370A92FA7A" && level==0 && jtag_device_ctx=="jsn-Cora Z7 - 7007S-210370A92FA7A-13722093-0"}' command is executed.
12:05:20 INFO  : Device configured successfully with "/home/rom41797/Documents/Project/CDMA_simple_polling/vitis/app/_ide/bitstream/dma_demo_wrapper.bit"
12:05:20 INFO  : Context for 'APU' is selected.
12:05:20 INFO  : Hardware design and registers information is loaded from '/home/rom41797/Documents/Project/CDMA_simple_polling/vitis/dma_demo_wrapper/export/dma_demo_wrapper/hw/dma_demo_wrapper.xsa'.
12:05:20 INFO  : 'configparams force-mem-access 1' command is executed.
12:05:20 INFO  : Context for 'APU' is selected.
12:05:20 INFO  : Sourcing of '/home/rom41797/Documents/Project/CDMA_simple_polling/vitis/app/_ide/psinit/ps7_init.tcl' is done.
12:05:20 INFO  : 'ps7_init' command is executed.
12:05:20 INFO  : 'ps7_post_config' command is executed.
12:05:20 INFO  : Context for processor 'ps7_cortexa9_0' is selected.
12:05:20 INFO  : The application '/home/rom41797/Documents/Project/CDMA_simple_polling/vitis/app/Debug/app.elf' is downloaded to processor 'ps7_cortexa9_0'.
12:05:20 INFO  : 'configparams force-mem-access 0' command is executed.
12:05:20 INFO  : ----------------XSDB Script----------------
connect -url tcp:127.0.0.1:3121
targets -set -nocase -filter {name =~"APU*"}
rst -system
after 3000
targets -set -filter {jtag_cable_name =~ "Digilent Cora Z7 - 7007S 210370A92FA7A" && level==0 && jtag_device_ctx=="jsn-Cora Z7 - 7007S-210370A92FA7A-13722093-0"}
fpga -file /home/rom41797/Documents/Project/CDMA_simple_polling/vitis/app/_ide/bitstream/dma_demo_wrapper.bit
targets -set -nocase -filter {name =~"APU*"}
loadhw -hw /home/rom41797/Documents/Project/CDMA_simple_polling/vitis/dma_demo_wrapper/export/dma_demo_wrapper/hw/dma_demo_wrapper.xsa -mem-ranges [list {0x40000000 0xbfffffff}] -regs
configparams force-mem-access 1
targets -set -nocase -filter {name =~"APU*"}
source /home/rom41797/Documents/Project/CDMA_simple_polling/vitis/app/_ide/psinit/ps7_init.tcl
ps7_init
ps7_post_config
targets -set -nocase -filter {name =~ "*A9*#0"}
dow /home/rom41797/Documents/Project/CDMA_simple_polling/vitis/app/Debug/app.elf
configparams force-mem-access 0
----------------End of Script----------------

12:05:20 INFO  : Context for processor 'ps7_cortexa9_0' is selected.
12:05:21 INFO  : 'con' command is executed.
12:05:21 INFO  : ----------------XSDB Script (After Launch)----------------
targets -set -nocase -filter {name =~ "*A9*#0"}
con
----------------End of Script----------------

12:05:21 INFO  : Launch script is exported to file '/home/rom41797/Documents/Project/CDMA_simple_polling/vitis/app_system/_ide/scripts/debugger_app-default.tcl'
12:09:56 INFO  : Checking for BSP changes to sync application flags for project 'app'...
12:10:22 INFO  : Disconnected from the channel tcfchan#7.
12:10:23 INFO  : Connected to target on host '127.0.0.1' and port '3121'.
12:10:23 INFO  : Jtag cable 'Digilent Cora Z7 - 7007S 210370A92FA7A' is selected.
12:10:23 INFO  : 'jtag frequency' command is executed.
12:10:23 INFO  : Context for 'APU' is selected.
12:10:23 INFO  : System reset is completed.
12:10:26 INFO  : 'after 3000' command is executed.
12:10:26 INFO  : 'targets -set -filter {jtag_cable_name =~ "Digilent Cora Z7 - 7007S 210370A92FA7A" && level==0 && jtag_device_ctx=="jsn-Cora Z7 - 7007S-210370A92FA7A-13722093-0"}' command is executed.
12:10:28 INFO  : Device configured successfully with "/home/rom41797/Documents/Project/CDMA_simple_polling/vitis/app/_ide/bitstream/dma_demo_wrapper.bit"
12:10:28 INFO  : Context for 'APU' is selected.
12:10:28 INFO  : Hardware design and registers information is loaded from '/home/rom41797/Documents/Project/CDMA_simple_polling/vitis/dma_demo_wrapper/export/dma_demo_wrapper/hw/dma_demo_wrapper.xsa'.
12:10:28 INFO  : 'configparams force-mem-access 1' command is executed.
12:10:28 INFO  : Context for 'APU' is selected.
12:10:28 INFO  : Sourcing of '/home/rom41797/Documents/Project/CDMA_simple_polling/vitis/app/_ide/psinit/ps7_init.tcl' is done.
12:10:28 INFO  : 'ps7_init' command is executed.
12:10:28 INFO  : 'ps7_post_config' command is executed.
12:10:28 INFO  : Context for processor 'ps7_cortexa9_0' is selected.
12:10:28 INFO  : The application '/home/rom41797/Documents/Project/CDMA_simple_polling/vitis/app/Debug/app.elf' is downloaded to processor 'ps7_cortexa9_0'.
12:10:28 INFO  : 'configparams force-mem-access 0' command is executed.
12:10:28 INFO  : ----------------XSDB Script----------------
connect -url tcp:127.0.0.1:3121
targets -set -nocase -filter {name =~"APU*"}
rst -system
after 3000
targets -set -filter {jtag_cable_name =~ "Digilent Cora Z7 - 7007S 210370A92FA7A" && level==0 && jtag_device_ctx=="jsn-Cora Z7 - 7007S-210370A92FA7A-13722093-0"}
fpga -file /home/rom41797/Documents/Project/CDMA_simple_polling/vitis/app/_ide/bitstream/dma_demo_wrapper.bit
targets -set -nocase -filter {name =~"APU*"}
loadhw -hw /home/rom41797/Documents/Project/CDMA_simple_polling/vitis/dma_demo_wrapper/export/dma_demo_wrapper/hw/dma_demo_wrapper.xsa -mem-ranges [list {0x40000000 0xbfffffff}] -regs
configparams force-mem-access 1
targets -set -nocase -filter {name =~"APU*"}
source /home/rom41797/Documents/Project/CDMA_simple_polling/vitis/app/_ide/psinit/ps7_init.tcl
ps7_init
ps7_post_config
targets -set -nocase -filter {name =~ "*A9*#0"}
dow /home/rom41797/Documents/Project/CDMA_simple_polling/vitis/app/Debug/app.elf
configparams force-mem-access 0
----------------End of Script----------------

12:10:28 INFO  : Context for processor 'ps7_cortexa9_0' is selected.
12:10:28 INFO  : 'con' command is executed.
12:10:28 INFO  : ----------------XSDB Script (After Launch)----------------
targets -set -nocase -filter {name =~ "*A9*#0"}
con
----------------End of Script----------------

12:10:28 INFO  : Launch script is exported to file '/home/rom41797/Documents/Project/CDMA_simple_polling/vitis/app_system/_ide/scripts/debugger_app-default.tcl'
13:59:14 INFO  : Launching XSCT server: xsct -n  -interactive /home/rom41797/Documents/Project/CDMA_simple_polling/vitis/temp_xsdb_launch_script.tcl
13:59:16 INFO  : XSCT server has started successfully.
13:59:16 INFO  : plnx-install-location is set to ''
13:59:16 INFO  : Successfully done setting XSCT server connection channel  
13:59:16 INFO  : Successfully done setting workspace for the tool. 
13:59:17 INFO  : Platform repository initialization has completed.
13:59:17 INFO  : Successfully done query RDI_DATADIR 
13:59:17 INFO  : Registering command handlers for Vitis TCF services
14:18:32 INFO  : Launching XSCT server: xsct -n  -interactive /home/rom41797/Documents/Project/CDMA_simple_polling_DDR/vitis/temp_xsdb_launch_script.tcl
14:18:34 INFO  : XSCT server has started successfully.
14:18:34 INFO  : plnx-install-location is set to ''
14:18:34 INFO  : Successfully done setting XSCT server connection channel  
14:18:34 INFO  : Successfully done setting workspace for the tool. 
14:18:34 INFO  : Platform repository initialization has completed.
14:18:34 INFO  : Successfully done query RDI_DATADIR 
14:18:35 INFO  : Registering command handlers for Vitis TCF services
14:19:13 INFO  : Hardware specification for platform project 'dma_demo_wrapper' is updated.
14:24:13 INFO  : Result from executing command 'getProjects': dma_demo_wrapper
14:24:13 INFO  : Result from executing command 'getPlatforms': dma_demo_wrapper|/home/rom41797/Documents/Project/CDMA_simple_polling/vitis/dma_demo_wrapper/export/dma_demo_wrapper/dma_demo_wrapper.xpfm
14:24:16 INFO  : Checking for BSP changes to sync application flags for project 'app'...
14:24:34 INFO  : Connected to target on host '127.0.0.1' and port '3121'.
14:24:34 INFO  : Jtag cable 'Digilent Cora Z7 - 7007S 210370A92FA7A' is selected.
14:24:34 INFO  : 'jtag frequency' command is executed.
14:24:34 INFO  : Context for 'APU' is selected.
14:24:34 INFO  : System reset is completed.
14:24:37 INFO  : 'after 3000' command is executed.
14:24:37 INFO  : 'targets -set -filter {jtag_cable_name =~ "Digilent Cora Z7 - 7007S 210370A92FA7A" && level==0 && jtag_device_ctx=="jsn-Cora Z7 - 7007S-210370A92FA7A-13722093-0"}' command is executed.
14:24:38 INFO  : Device configured successfully with "/home/rom41797/Documents/Project/CDMA_simple_polling_DDR/vitis/app/_ide/bitstream/dma_demo_wrapper.bit"
14:24:38 INFO  : Context for 'APU' is selected.
14:24:38 INFO  : Hardware design and registers information is loaded from '/home/rom41797/Documents/Project/CDMA_simple_polling/vitis/dma_demo_wrapper/export/dma_demo_wrapper/hw/dma_demo_wrapper.xsa'.
14:24:38 INFO  : 'configparams force-mem-access 1' command is executed.
14:24:38 INFO  : Context for 'APU' is selected.
14:24:38 INFO  : Sourcing of '/home/rom41797/Documents/Project/CDMA_simple_polling_DDR/vitis/app/_ide/psinit/ps7_init.tcl' is done.
14:24:39 INFO  : 'ps7_init' command is executed.
14:24:39 INFO  : 'ps7_post_config' command is executed.
14:24:39 INFO  : Context for processor 'ps7_cortexa9_0' is selected.
14:24:39 INFO  : The application '/home/rom41797/Documents/Project/CDMA_simple_polling_DDR/vitis/app/Debug/app.elf' is downloaded to processor 'ps7_cortexa9_0'.
14:24:39 INFO  : 'configparams force-mem-access 0' command is executed.
14:24:39 INFO  : ----------------XSDB Script----------------
connect -url tcp:127.0.0.1:3121
targets -set -nocase -filter {name =~"APU*"}
rst -system
after 3000
targets -set -filter {jtag_cable_name =~ "Digilent Cora Z7 - 7007S 210370A92FA7A" && level==0 && jtag_device_ctx=="jsn-Cora Z7 - 7007S-210370A92FA7A-13722093-0"}
fpga -file /home/rom41797/Documents/Project/CDMA_simple_polling_DDR/vitis/app/_ide/bitstream/dma_demo_wrapper.bit
targets -set -nocase -filter {name =~"APU*"}
loadhw -hw /home/rom41797/Documents/Project/CDMA_simple_polling/vitis/dma_demo_wrapper/export/dma_demo_wrapper/hw/dma_demo_wrapper.xsa -mem-ranges [list {0x40000000 0xbfffffff}] -regs
configparams force-mem-access 1
targets -set -nocase -filter {name =~"APU*"}
source /home/rom41797/Documents/Project/CDMA_simple_polling_DDR/vitis/app/_ide/psinit/ps7_init.tcl
ps7_init
ps7_post_config
targets -set -nocase -filter {name =~ "*A9*#0"}
dow /home/rom41797/Documents/Project/CDMA_simple_polling_DDR/vitis/app/Debug/app.elf
configparams force-mem-access 0
----------------End of Script----------------

14:24:39 INFO  : Context for processor 'ps7_cortexa9_0' is selected.
14:24:39 INFO  : 'con' command is executed.
14:24:39 INFO  : ----------------XSDB Script (After Launch)----------------
targets -set -nocase -filter {name =~ "*A9*#0"}
con
----------------End of Script----------------

14:24:39 INFO  : Launch script is exported to file '/home/rom41797/Documents/Project/CDMA_simple_polling_DDR/vitis/app_system/_ide/scripts/debugger_app-default.tcl'
14:29:33 INFO  : Disconnected from the channel tcfchan#3.
14:29:34 INFO  : Connected to target on host '127.0.0.1' and port '3121'.
14:29:34 INFO  : Jtag cable 'Digilent Cora Z7 - 7007S 210370A92FA7A' is selected.
14:29:34 INFO  : 'jtag frequency' command is executed.
14:29:34 INFO  : Context for 'APU' is selected.
14:29:34 INFO  : System reset is completed.
14:29:37 INFO  : 'after 3000' command is executed.
14:29:37 INFO  : 'targets -set -filter {jtag_cable_name =~ "Digilent Cora Z7 - 7007S 210370A92FA7A" && level==0 && jtag_device_ctx=="jsn-Cora Z7 - 7007S-210370A92FA7A-13722093-0"}' command is executed.
14:29:38 INFO  : Device configured successfully with "/home/rom41797/Documents/Project/CDMA_simple_polling_DDR/vitis/app/_ide/bitstream/dma_demo_wrapper.bit"
14:29:38 INFO  : Context for 'APU' is selected.
14:29:38 INFO  : Hardware design and registers information is loaded from '/home/rom41797/Documents/Project/CDMA_simple_polling/vitis/dma_demo_wrapper/export/dma_demo_wrapper/hw/dma_demo_wrapper.xsa'.
14:29:38 INFO  : 'configparams force-mem-access 1' command is executed.
14:29:38 INFO  : Context for 'APU' is selected.
14:29:38 INFO  : Sourcing of '/home/rom41797/Documents/Project/CDMA_simple_polling_DDR/vitis/app/_ide/psinit/ps7_init.tcl' is done.
14:29:39 INFO  : 'ps7_init' command is executed.
14:29:39 INFO  : 'ps7_post_config' command is executed.
14:29:39 INFO  : Context for processor 'ps7_cortexa9_0' is selected.
14:29:39 INFO  : The application '/home/rom41797/Documents/Project/CDMA_simple_polling_DDR/vitis/app/Debug/app.elf' is downloaded to processor 'ps7_cortexa9_0'.
14:29:39 INFO  : 'configparams force-mem-access 0' command is executed.
14:29:39 INFO  : ----------------XSDB Script----------------
connect -url tcp:127.0.0.1:3121
targets -set -nocase -filter {name =~"APU*"}
rst -system
after 3000
targets -set -filter {jtag_cable_name =~ "Digilent Cora Z7 - 7007S 210370A92FA7A" && level==0 && jtag_device_ctx=="jsn-Cora Z7 - 7007S-210370A92FA7A-13722093-0"}
fpga -file /home/rom41797/Documents/Project/CDMA_simple_polling_DDR/vitis/app/_ide/bitstream/dma_demo_wrapper.bit
targets -set -nocase -filter {name =~"APU*"}
loadhw -hw /home/rom41797/Documents/Project/CDMA_simple_polling/vitis/dma_demo_wrapper/export/dma_demo_wrapper/hw/dma_demo_wrapper.xsa -mem-ranges [list {0x40000000 0xbfffffff}] -regs
configparams force-mem-access 1
targets -set -nocase -filter {name =~"APU*"}
source /home/rom41797/Documents/Project/CDMA_simple_polling_DDR/vitis/app/_ide/psinit/ps7_init.tcl
ps7_init
ps7_post_config
targets -set -nocase -filter {name =~ "*A9*#0"}
dow /home/rom41797/Documents/Project/CDMA_simple_polling_DDR/vitis/app/Debug/app.elf
configparams force-mem-access 0
----------------End of Script----------------

14:29:39 INFO  : Context for processor 'ps7_cortexa9_0' is selected.
14:29:39 INFO  : 'con' command is executed.
14:29:39 INFO  : ----------------XSDB Script (After Launch)----------------
targets -set -nocase -filter {name =~ "*A9*#0"}
con
----------------End of Script----------------

14:29:39 INFO  : Launch script is exported to file '/home/rom41797/Documents/Project/CDMA_simple_polling_DDR/vitis/app_system/_ide/scripts/debugger_app-default.tcl'
14:31:57 INFO  : Disconnected from the channel tcfchan#4.
