
*** Running vivado
    with args -log dma_demo_wrapper.vdi -applog -m64 -product Vivado -messageDb vivado.pb -mode batch -source dma_demo_wrapper.tcl -notrace


****** Vivado v2020.2 (64-bit)
  **** SW Build 3064766 on Wed Nov 18 09:12:47 MST 2020
  **** IP Build 3064653 on Wed Nov 18 14:17:31 MST 2020
    ** Copyright 1986-2020 Xilinx, Inc. All Rights Reserved.

source dma_demo_wrapper.tcl -notrace
INFO: [IP_Flow 19-234] Refreshing IP repositories
INFO: [IP_Flow 19-1704] No user IP repositories specified
INFO: [IP_Flow 19-2313] Loaded Vivado IP repository '/opt/Xilinx/Vivado/2020.2/data/ip'.
Command: link_design -top dma_demo_wrapper -part xc7z010clg400-1
Design is defaulting to srcset: sources_1
Design is defaulting to constrset: constrs_1
INFO: [Device 21-403] Loading part xc7z010clg400-1
INFO: [Project 1-454] Reading design checkpoint '/home/rom41797/Documents/Project/CDMA_simple_polling/project_1.gen/sources_1/bd/dma_demo/ip/dma_demo_axi_bram_ctrl_0_2/dma_demo_axi_bram_ctrl_0_2.dcp' for cell 'dma_demo_i/axi_bram_ctrl_0'
INFO: [Project 1-454] Reading design checkpoint '/home/rom41797/Documents/Project/CDMA_simple_polling/project_1.gen/sources_1/bd/dma_demo/ip/dma_demo_axi_bram_ctrl_0_bram_0/dma_demo_axi_bram_ctrl_0_bram_0.dcp' for cell 'dma_demo_i/axi_bram_ctrl_0_bram'
INFO: [Project 1-454] Reading design checkpoint '/home/rom41797/Documents/Project/CDMA_simple_polling/project_1.gen/sources_1/bd/dma_demo/ip/dma_demo_axi_bram_ctrl_0_1/dma_demo_axi_bram_ctrl_0_1.dcp' for cell 'dma_demo_i/axi_bram_ctrl_1'
INFO: [Project 1-454] Reading design checkpoint '/home/rom41797/Documents/Project/CDMA_simple_polling/project_1.gen/sources_1/bd/dma_demo/ip/dma_demo_axi_cdma_0_0/dma_demo_axi_cdma_0_0.dcp' for cell 'dma_demo_i/axi_cdma_0'
INFO: [Project 1-454] Reading design checkpoint '/home/rom41797/Documents/Project/CDMA_simple_polling/project_1.gen/sources_1/bd/dma_demo/ip/dma_demo_processing_system7_0_0/dma_demo_processing_system7_0_0.dcp' for cell 'dma_demo_i/processing_system7_0'
INFO: [Project 1-454] Reading design checkpoint '/home/rom41797/Documents/Project/CDMA_simple_polling/project_1.gen/sources_1/bd/dma_demo/ip/dma_demo_rst_ps7_0_50M_0/dma_demo_rst_ps7_0_50M_0.dcp' for cell 'dma_demo_i/rst_ps7_0_50M'
INFO: [Project 1-454] Reading design checkpoint '/home/rom41797/Documents/Project/CDMA_simple_polling/project_1.gen/sources_1/bd/dma_demo/ip/dma_demo_xbar_1/dma_demo_xbar_1.dcp' for cell 'dma_demo_i/axi_mem_intercon/xbar'
INFO: [Project 1-454] Reading design checkpoint '/home/rom41797/Documents/Project/CDMA_simple_polling/project_1.gen/sources_1/bd/dma_demo/ip/dma_demo_auto_pc_2/dma_demo_auto_pc_2.dcp' for cell 'dma_demo_i/axi_mem_intercon/m00_couplers/auto_pc'
INFO: [Project 1-454] Reading design checkpoint '/home/rom41797/Documents/Project/CDMA_simple_polling/project_1.gen/sources_1/bd/dma_demo/ip/dma_demo_auto_ds_0/dma_demo_auto_ds_0.dcp' for cell 'dma_demo_i/axi_mem_intercon/m01_couplers/auto_ds'
INFO: [Project 1-454] Reading design checkpoint '/home/rom41797/Documents/Project/CDMA_simple_polling/project_1.gen/sources_1/bd/dma_demo/ip/dma_demo_auto_us_0/dma_demo_auto_us_0.dcp' for cell 'dma_demo_i/axi_mem_intercon/s00_couplers/auto_us'
INFO: [Project 1-454] Reading design checkpoint '/home/rom41797/Documents/Project/CDMA_simple_polling/project_1.gen/sources_1/bd/dma_demo/ip/dma_demo_xbar_0/dma_demo_xbar_0.dcp' for cell 'dma_demo_i/ps7_0_axi_periph/xbar'
INFO: [Project 1-454] Reading design checkpoint '/home/rom41797/Documents/Project/CDMA_simple_polling/project_1.gen/sources_1/bd/dma_demo/ip/dma_demo_auto_pc_0/dma_demo_auto_pc_0.dcp' for cell 'dma_demo_i/ps7_0_axi_periph/m00_couplers/auto_pc'
INFO: [Project 1-454] Reading design checkpoint '/home/rom41797/Documents/Project/CDMA_simple_polling/project_1.gen/sources_1/bd/dma_demo/ip/dma_demo_auto_pc_1/dma_demo_auto_pc_1.dcp' for cell 'dma_demo_i/ps7_0_axi_periph/s00_couplers/auto_pc'
Netlist sorting complete. Time (s): cpu = 00:00:00.11 ; elapsed = 00:00:00.11 . Memory (MB): peak = 2332.234 ; gain = 0.000 ; free physical = 15707 ; free virtual = 56531
INFO: [Netlist 29-17] Analyzing 133 Unisim elements for replacement
INFO: [Netlist 29-28] Unisim Transformation completed in 0 CPU seconds
INFO: [Project 1-479] Netlist was created with Vivado 2020.2
INFO: [Project 1-570] Preparing netlist for logic optimization
Parsing XDC File [/home/rom41797/Documents/Project/CDMA_simple_polling/project_1.gen/sources_1/bd/dma_demo/ip/dma_demo_processing_system7_0_0/dma_demo_processing_system7_0_0.xdc] for cell 'dma_demo_i/processing_system7_0/inst'
Finished Parsing XDC File [/home/rom41797/Documents/Project/CDMA_simple_polling/project_1.gen/sources_1/bd/dma_demo/ip/dma_demo_processing_system7_0_0/dma_demo_processing_system7_0_0.xdc] for cell 'dma_demo_i/processing_system7_0/inst'
Parsing XDC File [/home/rom41797/Documents/Project/CDMA_simple_polling/project_1.gen/sources_1/bd/dma_demo/ip/dma_demo_rst_ps7_0_50M_0/dma_demo_rst_ps7_0_50M_0_board.xdc] for cell 'dma_demo_i/rst_ps7_0_50M/U0'
Finished Parsing XDC File [/home/rom41797/Documents/Project/CDMA_simple_polling/project_1.gen/sources_1/bd/dma_demo/ip/dma_demo_rst_ps7_0_50M_0/dma_demo_rst_ps7_0_50M_0_board.xdc] for cell 'dma_demo_i/rst_ps7_0_50M/U0'
Parsing XDC File [/home/rom41797/Documents/Project/CDMA_simple_polling/project_1.gen/sources_1/bd/dma_demo/ip/dma_demo_rst_ps7_0_50M_0/dma_demo_rst_ps7_0_50M_0.xdc] for cell 'dma_demo_i/rst_ps7_0_50M/U0'
Finished Parsing XDC File [/home/rom41797/Documents/Project/CDMA_simple_polling/project_1.gen/sources_1/bd/dma_demo/ip/dma_demo_rst_ps7_0_50M_0/dma_demo_rst_ps7_0_50M_0.xdc] for cell 'dma_demo_i/rst_ps7_0_50M/U0'
Parsing XDC File [/home/rom41797/Documents/Project/CDMA_simple_polling/project_1.gen/sources_1/bd/dma_demo/ip/dma_demo_axi_cdma_0_0/dma_demo_axi_cdma_0_0.xdc] for cell 'dma_demo_i/axi_cdma_0/U0'
Finished Parsing XDC File [/home/rom41797/Documents/Project/CDMA_simple_polling/project_1.gen/sources_1/bd/dma_demo/ip/dma_demo_axi_cdma_0_0/dma_demo_axi_cdma_0_0.xdc] for cell 'dma_demo_i/axi_cdma_0/U0'
Parsing XDC File [/home/rom41797/Documents/Project/CDMA_simple_polling/project_1.gen/sources_1/bd/dma_demo/ip/dma_demo_auto_us_0/dma_demo_auto_us_0_clocks.xdc] for cell 'dma_demo_i/axi_mem_intercon/s00_couplers/auto_us/inst'
Finished Parsing XDC File [/home/rom41797/Documents/Project/CDMA_simple_polling/project_1.gen/sources_1/bd/dma_demo/ip/dma_demo_auto_us_0/dma_demo_auto_us_0_clocks.xdc] for cell 'dma_demo_i/axi_mem_intercon/s00_couplers/auto_us/inst'
Parsing XDC File [/home/rom41797/Documents/Project/CDMA_simple_polling/project_1.gen/sources_1/bd/dma_demo/ip/dma_demo_auto_ds_0/dma_demo_auto_ds_0_clocks.xdc] for cell 'dma_demo_i/axi_mem_intercon/m01_couplers/auto_ds/inst'
Finished Parsing XDC File [/home/rom41797/Documents/Project/CDMA_simple_polling/project_1.gen/sources_1/bd/dma_demo/ip/dma_demo_auto_ds_0/dma_demo_auto_ds_0_clocks.xdc] for cell 'dma_demo_i/axi_mem_intercon/m01_couplers/auto_ds/inst'
INFO: [Project 1-1715] 1 XPM XDC files have been applied to the design.
INFO: [Opt 31-138] Pushed 0 inverter(s) to 0 load pin(s).
Generating merged BMM file for the design top 'dma_demo_wrapper'...
Netlist sorting complete. Time (s): cpu = 00:00:00 ; elapsed = 00:00:00 . Memory (MB): peak = 2588.242 ; gain = 0.000 ; free physical = 15576 ; free virtual = 56400
INFO: [Project 1-111] Unisim Transformation Summary:
  A total of 15 instances were transformed.
  RAM32M => RAM32M (RAMD32(x6), RAMS32(x2)): 14 instances
  RAM32X1D => RAM32X1D (RAMD32(x2)): 1 instance 

24 Infos, 0 Warnings, 0 Critical Warnings and 0 Errors encountered.
link_design completed successfully
link_design: Time (s): cpu = 00:00:08 ; elapsed = 00:00:08 . Memory (MB): peak = 2588.242 ; gain = 256.125 ; free physical = 15576 ; free virtual = 56400
Command: opt_design
Attempting to get a license for feature 'Implementation' and/or device 'xc7z010'
INFO: [Common 17-349] Got license for feature 'Implementation' and/or device 'xc7z010'
Running DRC as a precondition to command opt_design

Starting DRC Task
INFO: [DRC 23-27] Running DRC with 8 threads
INFO: [Project 1-461] DRC finished with 0 Errors
INFO: [Project 1-462] Please refer to the DRC report (report_drc) for more information.

Time (s): cpu = 00:00:01 ; elapsed = 00:00:00.55 . Memory (MB): peak = 2588.242 ; gain = 0.000 ; free physical = 15560 ; free virtual = 56384

Starting Cache Timing Information Task
INFO: [Timing 38-35] Done setting XDC timing constraints.
Ending Cache Timing Information Task | Checksum: 1581d7ca3

Time (s): cpu = 00:00:04 ; elapsed = 00:00:04 . Memory (MB): peak = 2604.988 ; gain = 16.746 ; free physical = 15108 ; free virtual = 55932

Starting Logic Optimization Task

Phase 1 Retarget
INFO: [Opt 31-138] Pushed 2 inverter(s) to 4 load pin(s).
INFO: [Opt 31-49] Retargeted 0 cell(s).
Phase 1 Retarget | Checksum: b2e030eb

Time (s): cpu = 00:00:00.45 ; elapsed = 00:00:00.24 . Memory (MB): peak = 2776.926 ; gain = 0.000 ; free physical = 14993 ; free virtual = 55817
INFO: [Opt 31-389] Phase Retarget created 14 cells and removed 75 cells
INFO: [Opt 31-1021] In phase Retarget, 48 netlist objects are constrained preventing optimization. Please run opt_design with -debug_log to get more detail. 

Phase 2 Constant propagation
INFO: [Opt 31-138] Pushed 17 inverter(s) to 37 load pin(s).
Phase 2 Constant propagation | Checksum: 9a4fddf9

Time (s): cpu = 00:00:00.70 ; elapsed = 00:00:00.49 . Memory (MB): peak = 2776.926 ; gain = 0.000 ; free physical = 14993 ; free virtual = 55817
INFO: [Opt 31-389] Phase Constant propagation created 497 cells and removed 1258 cells
INFO: [Opt 31-1021] In phase Constant propagation, 48 netlist objects are constrained preventing optimization. Please run opt_design with -debug_log to get more detail. 

Phase 3 Sweep
Phase 3 Sweep | Checksum: 1179a72b6

Time (s): cpu = 00:00:00.99 ; elapsed = 00:00:00.78 . Memory (MB): peak = 2776.926 ; gain = 0.000 ; free physical = 14993 ; free virtual = 55817
INFO: [Opt 31-389] Phase Sweep created 0 cells and removed 554 cells
INFO: [Opt 31-1021] In phase Sweep, 192 netlist objects are constrained preventing optimization. Please run opt_design with -debug_log to get more detail. 

Phase 4 BUFG optimization
Phase 4 BUFG optimization | Checksum: 1179a72b6

Time (s): cpu = 00:00:01 ; elapsed = 00:00:00.85 . Memory (MB): peak = 2776.926 ; gain = 0.000 ; free physical = 14993 ; free virtual = 55817
INFO: [Opt 31-662] Phase BUFG optimization created 0 cells of which 0 are BUFGs and removed 0 cells.

Phase 5 Shift Register Optimization
INFO: [Opt 31-1064] SRL Remap converted 0 SRLs to 0 registers and converted 0 registers of register chains to 0 SRLs
Phase 5 Shift Register Optimization | Checksum: 1179a72b6

Time (s): cpu = 00:00:01 ; elapsed = 00:00:00.86 . Memory (MB): peak = 2776.926 ; gain = 0.000 ; free physical = 14993 ; free virtual = 55817
INFO: [Opt 31-389] Phase Shift Register Optimization created 0 cells and removed 0 cells

Phase 6 Post Processing Netlist
Phase 6 Post Processing Netlist | Checksum: 144d1cae1

Time (s): cpu = 00:00:01 ; elapsed = 00:00:00.90 . Memory (MB): peak = 2776.926 ; gain = 0.000 ; free physical = 14993 ; free virtual = 55817
INFO: [Opt 31-389] Phase Post Processing Netlist created 0 cells and removed 1 cells
INFO: [Opt 31-1021] In phase Post Processing Netlist, 66 netlist objects are constrained preventing optimization. Please run opt_design with -debug_log to get more detail. 
Opt_design Change Summary
=========================


-------------------------------------------------------------------------------------------------------------------------
|  Phase                        |  #Cells created  |  #Cells Removed  |  #Constrained objects preventing optimizations  |
-------------------------------------------------------------------------------------------------------------------------
|  Retarget                     |              14  |              75  |                                             48  |
|  Constant propagation         |             497  |            1258  |                                             48  |
|  Sweep                        |               0  |             554  |                                            192  |
|  BUFG optimization            |               0  |               0  |                                              0  |
|  Shift Register Optimization  |               0  |               0  |                                              0  |
|  Post Processing Netlist      |               0  |               1  |                                             66  |
-------------------------------------------------------------------------------------------------------------------------



Starting Connectivity Check Task

Time (s): cpu = 00:00:00.01 ; elapsed = 00:00:00.01 . Memory (MB): peak = 2776.926 ; gain = 0.000 ; free physical = 14993 ; free virtual = 55817
Ending Logic Optimization Task | Checksum: 11d824bd6

Time (s): cpu = 00:00:01 ; elapsed = 00:00:01 . Memory (MB): peak = 2776.926 ; gain = 0.000 ; free physical = 14993 ; free virtual = 55817

Starting Power Optimization Task
INFO: [Pwropt 34-132] Skipping clock gating for clocks with a period < 2.00 ns.
INFO: [Timing 38-35] Done setting XDC timing constraints.
INFO: [Pwropt 34-9] Applying IDT optimizations ...
INFO: [Pwropt 34-10] Applying ODC optimizations ...
Running Vector-less Activity Propagation...

Finished Running Vector-less Activity Propagation


Starting PowerOpt Patch Enables Task
INFO: [Pwropt 34-162] WRITE_MODE attribute of 0 BRAM(s) out of a total of 8 has been updated to save power. Run report_power_opt to get a complete listing of the BRAMs updated.
INFO: [Pwropt 34-201] Structural ODC has moved 0 WE to EN ports
Number of BRAM Ports augmented: 0 newly gated: 0 Total Ports: 16
Ending PowerOpt Patch Enables Task | Checksum: 11d824bd6

Time (s): cpu = 00:00:00.04 ; elapsed = 00:00:00.04 . Memory (MB): peak = 3089.848 ; gain = 0.000 ; free physical = 14974 ; free virtual = 55798
Ending Power Optimization Task | Checksum: 11d824bd6

Time (s): cpu = 00:00:02 ; elapsed = 00:00:00.85 . Memory (MB): peak = 3089.848 ; gain = 312.922 ; free physical = 14978 ; free virtual = 55802

Starting Final Cleanup Task
Ending Final Cleanup Task | Checksum: 11d824bd6

Time (s): cpu = 00:00:00 ; elapsed = 00:00:00 . Memory (MB): peak = 3089.848 ; gain = 0.000 ; free physical = 14978 ; free virtual = 55802

Starting Netlist Obfuscation Task
Netlist sorting complete. Time (s): cpu = 00:00:00 ; elapsed = 00:00:00 . Memory (MB): peak = 3089.848 ; gain = 0.000 ; free physical = 14978 ; free virtual = 55802
Ending Netlist Obfuscation Task | Checksum: 11d824bd6

Time (s): cpu = 00:00:00 ; elapsed = 00:00:00 . Memory (MB): peak = 3089.848 ; gain = 0.000 ; free physical = 14978 ; free virtual = 55802
INFO: [Common 17-83] Releasing license: Implementation
50 Infos, 0 Warnings, 0 Critical Warnings and 0 Errors encountered.
opt_design completed successfully
opt_design: Time (s): cpu = 00:00:10 ; elapsed = 00:00:08 . Memory (MB): peak = 3089.848 ; gain = 501.605 ; free physical = 14978 ; free virtual = 55802
INFO: [Timing 38-480] Writing timing data to binary archive.
Writing placer database...
Writing XDEF routing.
Writing XDEF routing logical nets.
Writing XDEF routing special nets.
Write XDEF Complete: Time (s): cpu = 00:00:00.07 ; elapsed = 00:00:00.02 . Memory (MB): peak = 3089.848 ; gain = 0.000 ; free physical = 14974 ; free virtual = 55801
INFO: [Common 17-1381] The checkpoint '/home/rom41797/Documents/Project/CDMA_simple_polling/project_1.runs/impl_1/dma_demo_wrapper_opt.dcp' has been generated.
INFO: [runtcl-4] Executing : report_drc -file dma_demo_wrapper_drc_opted.rpt -pb dma_demo_wrapper_drc_opted.pb -rpx dma_demo_wrapper_drc_opted.rpx
Command: report_drc -file dma_demo_wrapper_drc_opted.rpt -pb dma_demo_wrapper_drc_opted.pb -rpx dma_demo_wrapper_drc_opted.rpx
INFO: [IP_Flow 19-1839] IP Catalog is up to date.
INFO: [Timing 38-35] Done setting XDC timing constraints.
INFO: [DRC 23-27] Running DRC with 8 threads
INFO: [Coretcl 2-168] The results of DRC are in file /home/rom41797/Documents/Project/CDMA_simple_polling/project_1.runs/impl_1/dma_demo_wrapper_drc_opted.rpt.
report_drc completed successfully
Command: place_design
Attempting to get a license for feature 'Implementation' and/or device 'xc7z010'
INFO: [Common 17-349] Got license for feature 'Implementation' and/or device 'xc7z010'
INFO: [DRC 23-27] Running DRC with 8 threads
INFO: [Vivado_Tcl 4-198] DRC finished with 0 Errors
INFO: [Vivado_Tcl 4-199] Please refer to the DRC report (report_drc) for more information.
Running DRC as a precondition to command place_design
INFO: [DRC 23-27] Running DRC with 8 threads
INFO: [Vivado_Tcl 4-198] DRC finished with 0 Errors
INFO: [Vivado_Tcl 4-199] Please refer to the DRC report (report_drc) for more information.

Starting Placer Task
INFO: [Place 30-611] Multithreading enabled for place_design using a maximum of 8 CPUs

Phase 1 Placer Initialization

Phase 1.1 Placer Initialization Netlist Sorting
Netlist sorting complete. Time (s): cpu = 00:00:00 ; elapsed = 00:00:00 . Memory (MB): peak = 3089.848 ; gain = 0.000 ; free physical = 14892 ; free virtual = 55719
Phase 1.1 Placer Initialization Netlist Sorting | Checksum: 53062fe9

Time (s): cpu = 00:00:00.01 ; elapsed = 00:00:00.03 . Memory (MB): peak = 3089.848 ; gain = 0.000 ; free physical = 14892 ; free virtual = 55719
Netlist sorting complete. Time (s): cpu = 00:00:00 ; elapsed = 00:00:00 . Memory (MB): peak = 3089.848 ; gain = 0.000 ; free physical = 14892 ; free virtual = 55719

Phase 1.2 IO Placement/ Clock Placement/ Build Placer Device
Phase 1.2 IO Placement/ Clock Placement/ Build Placer Device | Checksum: 925f2798

Time (s): cpu = 00:00:00.72 ; elapsed = 00:00:00.37 . Memory (MB): peak = 3089.848 ; gain = 0.000 ; free physical = 14927 ; free virtual = 55755

Phase 1.3 Build Placer Netlist Model
Phase 1.3 Build Placer Netlist Model | Checksum: 1994496d3

Time (s): cpu = 00:00:02 ; elapsed = 00:00:01 . Memory (MB): peak = 3089.848 ; gain = 0.000 ; free physical = 14936 ; free virtual = 55764

Phase 1.4 Constrain Clocks/Macros
Phase 1.4 Constrain Clocks/Macros | Checksum: 1994496d3

Time (s): cpu = 00:00:02 ; elapsed = 00:00:01 . Memory (MB): peak = 3089.848 ; gain = 0.000 ; free physical = 14936 ; free virtual = 55764
Phase 1 Placer Initialization | Checksum: 1994496d3

Time (s): cpu = 00:00:02 ; elapsed = 00:00:01 . Memory (MB): peak = 3089.848 ; gain = 0.000 ; free physical = 14936 ; free virtual = 55764

Phase 2 Global Placement

Phase 2.1 Floorplanning
Phase 2.1 Floorplanning | Checksum: 1177a30c2

Time (s): cpu = 00:00:03 ; elapsed = 00:00:01 . Memory (MB): peak = 3089.848 ; gain = 0.000 ; free physical = 14926 ; free virtual = 55754

Phase 2.2 Update Timing before SLR Path Opt
Phase 2.2 Update Timing before SLR Path Opt | Checksum: b8b9be77

Time (s): cpu = 00:00:03 ; elapsed = 00:00:01 . Memory (MB): peak = 3089.848 ; gain = 0.000 ; free physical = 14926 ; free virtual = 55754

Phase 2.3 Global Placement Core

Phase 2.3.1 Physical Synthesis In Placer
INFO: [Physopt 32-1035] Found 0 LUTNM shape to break, 332 LUT instances to create LUTNM shape
INFO: [Physopt 32-1044] Break lutnm for timing: one critical 0, two critical 0, total 0, new lutff created 0
INFO: [Physopt 32-775] End 1 Pass. Optimized 143 nets or cells. Created 0 new cell, deleted 143 existing cells and moved 0 existing cell
INFO: [Physopt 32-65] No nets found for high-fanout optimization.
INFO: [Physopt 32-232] Optimized 0 net. Created 0 new instance.
INFO: [Physopt 32-775] End 1 Pass. Optimized 0 net or cell. Created 0 new cell, deleted 0 existing cell and moved 0 existing cell
INFO: [Physopt 32-670] No setup violation found.  DSP Register Optimization was not performed.
INFO: [Physopt 32-670] No setup violation found.  Shift Register to Pipeline Optimization was not performed.
INFO: [Physopt 32-670] No setup violation found.  Shift Register Optimization was not performed.
INFO: [Physopt 32-670] No setup violation found.  BRAM Register Optimization was not performed.
INFO: [Physopt 32-670] No setup violation found.  URAM Register Optimization was not performed.
INFO: [Physopt 32-949] No candidate nets found for dynamic/static region interface net replication
INFO: [Physopt 32-775] End 1 Pass. Optimized 0 net or cell. Created 0 new cell, deleted 0 existing cell and moved 0 existing cell
Netlist sorting complete. Time (s): cpu = 00:00:00 ; elapsed = 00:00:00.01 . Memory (MB): peak = 3089.848 ; gain = 0.000 ; free physical = 14912 ; free virtual = 55740

Summary of Physical Synthesis Optimizations
============================================


-----------------------------------------------------------------------------------------------------------------------------------------------------------
|  Optimization                                     |  Added Cells  |  Removed Cells  |  Optimized Cells/Nets  |  Dont Touch  |  Iterations  |  Elapsed   |
-----------------------------------------------------------------------------------------------------------------------------------------------------------
|  LUT Combining                                    |            0  |            143  |                   143  |           0  |           1  |  00:00:00  |
|  Very High Fanout                                 |            0  |              0  |                     0  |           0  |           1  |  00:00:00  |
|  DSP Register                                     |            0  |              0  |                     0  |           0  |           0  |  00:00:00  |
|  Shift Register to Pipeline                       |            0  |              0  |                     0  |           0  |           0  |  00:00:00  |
|  Shift Register                                   |            0  |              0  |                     0  |           0  |           0  |  00:00:00  |
|  BRAM Register                                    |            0  |              0  |                     0  |           0  |           0  |  00:00:00  |
|  URAM Register                                    |            0  |              0  |                     0  |           0  |           0  |  00:00:00  |
|  Dynamic/Static Region Interface Net Replication  |            0  |              0  |                     0  |           0  |           1  |  00:00:00  |
|  Total                                            |            0  |            143  |                   143  |           0  |           3  |  00:00:00  |
-----------------------------------------------------------------------------------------------------------------------------------------------------------


Phase 2.3.1 Physical Synthesis In Placer | Checksum: 129e7cdac

Time (s): cpu = 00:00:12 ; elapsed = 00:00:04 . Memory (MB): peak = 3089.848 ; gain = 0.000 ; free physical = 14896 ; free virtual = 55724
Phase 2.3 Global Placement Core | Checksum: 2083d56a4

Time (s): cpu = 00:00:12 ; elapsed = 00:00:04 . Memory (MB): peak = 3089.848 ; gain = 0.000 ; free physical = 14895 ; free virtual = 55723
Phase 2 Global Placement | Checksum: 2083d56a4

Time (s): cpu = 00:00:12 ; elapsed = 00:00:04 . Memory (MB): peak = 3089.848 ; gain = 0.000 ; free physical = 14897 ; free virtual = 55724

Phase 3 Detail Placement

Phase 3.1 Commit Multi Column Macros
Phase 3.1 Commit Multi Column Macros | Checksum: 1517c1682

Time (s): cpu = 00:00:13 ; elapsed = 00:00:04 . Memory (MB): peak = 3089.848 ; gain = 0.000 ; free physical = 14896 ; free virtual = 55724

Phase 3.2 Commit Most Macros & LUTRAMs
Phase 3.2 Commit Most Macros & LUTRAMs | Checksum: 128c8c95b

Time (s): cpu = 00:00:14 ; elapsed = 00:00:04 . Memory (MB): peak = 3089.848 ; gain = 0.000 ; free physical = 14896 ; free virtual = 55724

Phase 3.3 Area Swap Optimization
Phase 3.3 Area Swap Optimization | Checksum: 112e41ac6

Time (s): cpu = 00:00:14 ; elapsed = 00:00:04 . Memory (MB): peak = 3089.848 ; gain = 0.000 ; free physical = 14915 ; free virtual = 55742

Phase 3.4 Pipeline Register Optimization
Phase 3.4 Pipeline Register Optimization | Checksum: 15ff06bd3

Time (s): cpu = 00:00:14 ; elapsed = 00:00:04 . Memory (MB): peak = 3089.848 ; gain = 0.000 ; free physical = 14915 ; free virtual = 55742

Phase 3.5 Small Shape Detail Placement
Phase 3.5 Small Shape Detail Placement | Checksum: 81e78f6e

Time (s): cpu = 00:00:15 ; elapsed = 00:00:05 . Memory (MB): peak = 3089.848 ; gain = 0.000 ; free physical = 14911 ; free virtual = 55739

Phase 3.6 Re-assign LUT pins
Phase 3.6 Re-assign LUT pins | Checksum: cc625eaa

Time (s): cpu = 00:00:15 ; elapsed = 00:00:05 . Memory (MB): peak = 3089.848 ; gain = 0.000 ; free physical = 14912 ; free virtual = 55739

Phase 3.7 Pipeline Register Optimization
Phase 3.7 Pipeline Register Optimization | Checksum: 1576e8fc7

Time (s): cpu = 00:00:15 ; elapsed = 00:00:05 . Memory (MB): peak = 3089.848 ; gain = 0.000 ; free physical = 14912 ; free virtual = 55739
Phase 3 Detail Placement | Checksum: 1576e8fc7

Time (s): cpu = 00:00:15 ; elapsed = 00:00:06 . Memory (MB): peak = 3089.848 ; gain = 0.000 ; free physical = 14912 ; free virtual = 55739

Phase 4 Post Placement Optimization and Clean-Up

Phase 4.1 Post Commit Optimization
INFO: [Timing 38-35] Done setting XDC timing constraints.

Phase 4.1.1 Post Placement Optimization
Post Placement Optimization Initialization | Checksum: 160fb391a

Phase 4.1.1.1 BUFG Insertion

Starting Physical Synthesis Task

Phase 1 Physical Synthesis Initialization
INFO: [Physopt 32-721] Multithreading enabled for phys_opt_design using a maximum of 8 CPUs
INFO: [Physopt 32-619] Estimated Timing Summary | WNS=8.954 | TNS=0.000 |
Phase 1 Physical Synthesis Initialization | Checksum: 1a346fb57

Time (s): cpu = 00:00:00.38 ; elapsed = 00:00:00.09 . Memory (MB): peak = 3089.848 ; gain = 0.000 ; free physical = 14909 ; free virtual = 55737
INFO: [Place 46-56] BUFG insertion identified 0 candidate nets. Inserted BUFG: 0, Replicated BUFG Driver: 0, Skipped due to Placement/Routing Conflicts: 0, Skipped due to Timing Degradation: 0, Skipped due to Illegal Netlist: 0.
Ending Physical Synthesis Task | Checksum: 152e9898d

Time (s): cpu = 00:00:00.40 ; elapsed = 00:00:00.11 . Memory (MB): peak = 3089.848 ; gain = 0.000 ; free physical = 14909 ; free virtual = 55736
Phase 4.1.1.1 BUFG Insertion | Checksum: 160fb391a

Time (s): cpu = 00:00:18 ; elapsed = 00:00:06 . Memory (MB): peak = 3089.848 ; gain = 0.000 ; free physical = 14908 ; free virtual = 55736
INFO: [Place 30-746] Post Placement Timing Summary WNS=8.954. For the most accurate timing information please run report_timing.

Time (s): cpu = 00:00:18 ; elapsed = 00:00:06 . Memory (MB): peak = 3089.848 ; gain = 0.000 ; free physical = 14908 ; free virtual = 55736
Phase 4.1 Post Commit Optimization | Checksum: 93896527

Time (s): cpu = 00:00:18 ; elapsed = 00:00:06 . Memory (MB): peak = 3089.848 ; gain = 0.000 ; free physical = 14908 ; free virtual = 55736

Phase 4.2 Post Placement Cleanup
Phase 4.2 Post Placement Cleanup | Checksum: 93896527

Time (s): cpu = 00:00:18 ; elapsed = 00:00:06 . Memory (MB): peak = 3089.848 ; gain = 0.000 ; free physical = 14909 ; free virtual = 55736

Phase 4.3 Placer Reporting

Phase 4.3.1 Print Estimated Congestion
INFO: [Place 30-612] Post-Placement Estimated Congestion 
 ____________________________________________________
|           | Global Congestion | Short Congestion  |
| Direction | Region Size       | Region Size       |
|___________|___________________|___________________|
|      North|                1x1|                1x1|
|___________|___________________|___________________|
|      South|                1x1|                2x2|
|___________|___________________|___________________|
|       East|                1x1|                1x1|
|___________|___________________|___________________|
|       West|                1x1|                1x1|
|___________|___________________|___________________|

Phase 4.3.1 Print Estimated Congestion | Checksum: 93896527

Time (s): cpu = 00:00:18 ; elapsed = 00:00:06 . Memory (MB): peak = 3089.848 ; gain = 0.000 ; free physical = 14909 ; free virtual = 55737
Phase 4.3 Placer Reporting | Checksum: 93896527

Time (s): cpu = 00:00:18 ; elapsed = 00:00:06 . Memory (MB): peak = 3089.848 ; gain = 0.000 ; free physical = 14909 ; free virtual = 55737

Phase 4.4 Final Placement Cleanup
Netlist sorting complete. Time (s): cpu = 00:00:00 ; elapsed = 00:00:00 . Memory (MB): peak = 3089.848 ; gain = 0.000 ; free physical = 14909 ; free virtual = 55737

Time (s): cpu = 00:00:18 ; elapsed = 00:00:06 . Memory (MB): peak = 3089.848 ; gain = 0.000 ; free physical = 14909 ; free virtual = 55737
Phase 4 Post Placement Optimization and Clean-Up | Checksum: 13f4eb7ab

Time (s): cpu = 00:00:18 ; elapsed = 00:00:06 . Memory (MB): peak = 3089.848 ; gain = 0.000 ; free physical = 14909 ; free virtual = 55737
Ending Placer Task | Checksum: 13432c024

Time (s): cpu = 00:00:18 ; elapsed = 00:00:06 . Memory (MB): peak = 3089.848 ; gain = 0.000 ; free physical = 14909 ; free virtual = 55737
INFO: [Common 17-83] Releasing license: Implementation
85 Infos, 0 Warnings, 0 Critical Warnings and 0 Errors encountered.
place_design completed successfully
place_design: Time (s): cpu = 00:00:19 ; elapsed = 00:00:07 . Memory (MB): peak = 3089.848 ; gain = 0.000 ; free physical = 14917 ; free virtual = 55745
INFO: [Timing 38-480] Writing timing data to binary archive.
Writing placer database...
Writing XDEF routing.
Writing XDEF routing logical nets.
Writing XDEF routing special nets.
Write XDEF Complete: Time (s): cpu = 00:00:00.82 ; elapsed = 00:00:00.24 . Memory (MB): peak = 3089.848 ; gain = 0.000 ; free physical = 14892 ; free virtual = 55732
INFO: [Common 17-1381] The checkpoint '/home/rom41797/Documents/Project/CDMA_simple_polling/project_1.runs/impl_1/dma_demo_wrapper_placed.dcp' has been generated.
INFO: [runtcl-4] Executing : report_io -file dma_demo_wrapper_io_placed.rpt
report_io: Time (s): cpu = 00:00:00.07 ; elapsed = 00:00:00.08 . Memory (MB): peak = 3089.848 ; gain = 0.000 ; free physical = 14902 ; free virtual = 55734
INFO: [runtcl-4] Executing : report_utilization -file dma_demo_wrapper_utilization_placed.rpt -pb dma_demo_wrapper_utilization_placed.pb
INFO: [runtcl-4] Executing : report_control_sets -verbose -file dma_demo_wrapper_control_sets_placed.rpt
report_control_sets: Time (s): cpu = 00:00:00.04 ; elapsed = 00:00:00.06 . Memory (MB): peak = 3089.848 ; gain = 0.000 ; free physical = 14909 ; free virtual = 55742
Command: phys_opt_design
Attempting to get a license for feature 'Implementation' and/or device 'xc7z010'
INFO: [Common 17-349] Got license for feature 'Implementation' and/or device 'xc7z010'
INFO: [Vivado_Tcl 4-383] Design worst setup slack (WNS) is greater than or equal to 0.000 ns. Skipping all physical synthesis optimizations.
INFO: [Vivado_Tcl 4-232] No setup violation found. The netlist was not modified.
INFO: [Common 17-83] Releasing license: Implementation
94 Infos, 0 Warnings, 0 Critical Warnings and 0 Errors encountered.
phys_opt_design completed successfully
INFO: [Timing 38-480] Writing timing data to binary archive.
Writing placer database...
Writing XDEF routing.
Writing XDEF routing logical nets.
Writing XDEF routing special nets.
Write XDEF Complete: Time (s): cpu = 00:00:00.78 ; elapsed = 00:00:00.24 . Memory (MB): peak = 3089.848 ; gain = 0.000 ; free physical = 14855 ; free virtual = 55700
INFO: [Common 17-1381] The checkpoint '/home/rom41797/Documents/Project/CDMA_simple_polling/project_1.runs/impl_1/dma_demo_wrapper_physopt.dcp' has been generated.
Command: route_design
Attempting to get a license for feature 'Implementation' and/or device 'xc7z010'
INFO: [Common 17-349] Got license for feature 'Implementation' and/or device 'xc7z010'
Running DRC as a precondition to command route_design
INFO: [DRC 23-27] Running DRC with 8 threads
INFO: [Vivado_Tcl 4-198] DRC finished with 0 Errors
INFO: [Vivado_Tcl 4-199] Please refer to the DRC report (report_drc) for more information.


Starting Routing Task
INFO: [Route 35-254] Multithreading enabled for route_design using a maximum of 8 CPUs
Checksum: PlaceDB: 883059b0 ConstDB: 0 ShapeSum: ac026674 RouteDB: 0

Phase 1 Build RT Design
Phase 1 Build RT Design | Checksum: 1c19e7cb7

Time (s): cpu = 00:00:06 ; elapsed = 00:00:04 . Memory (MB): peak = 3089.848 ; gain = 0.000 ; free physical = 14794 ; free virtual = 55630
Post Restoration Checksum: NetGraph: da8622c0 NumContArr: e71859f7 Constraints: 0 Timing: 0

Phase 2 Router Initialization

Phase 2.1 Create Timer
Phase 2.1 Create Timer | Checksum: 1c19e7cb7

Time (s): cpu = 00:00:06 ; elapsed = 00:00:05 . Memory (MB): peak = 3089.848 ; gain = 0.000 ; free physical = 14794 ; free virtual = 55631

Phase 2.2 Fix Topology Constraints
Phase 2.2 Fix Topology Constraints | Checksum: 1c19e7cb7

Time (s): cpu = 00:00:06 ; elapsed = 00:00:05 . Memory (MB): peak = 3089.848 ; gain = 0.000 ; free physical = 14763 ; free virtual = 55599

Phase 2.3 Pre Route Cleanup
Phase 2.3 Pre Route Cleanup | Checksum: 1c19e7cb7

Time (s): cpu = 00:00:06 ; elapsed = 00:00:05 . Memory (MB): peak = 3089.848 ; gain = 0.000 ; free physical = 14763 ; free virtual = 55599
 Number of Nodes with overlaps = 0

Phase 2.4 Update Timing
Phase 2.4 Update Timing | Checksum: 9294a1ae

Time (s): cpu = 00:00:08 ; elapsed = 00:00:05 . Memory (MB): peak = 3089.848 ; gain = 0.000 ; free physical = 14750 ; free virtual = 55587
INFO: [Route 35-416] Intermediate Timing Summary | WNS=9.243  | TNS=0.000  | WHS=-0.353 | THS=-116.647|

Phase 2 Router Initialization | Checksum: 117837158

Time (s): cpu = 00:00:09 ; elapsed = 00:00:06 . Memory (MB): peak = 3089.848 ; gain = 0.000 ; free physical = 14750 ; free virtual = 55586

Router Utilization Summary
  Global Vertical Routing Utilization    = 0 %
  Global Horizontal Routing Utilization  = 0 %
  Routable Net Status*
  *Does not include unroutable nets such as driverless and loadless.
  Run report_route_status for detailed report.
  Number of Failed Nets               = 6678
    (Failed Nets is the sum of unrouted and partially routed nets)
  Number of Unrouted Nets             = 6678
  Number of Partially Routed Nets     = 0
  Number of Node Overlaps             = 0


Phase 3 Initial Routing

Phase 3.1 Global Routing
Phase 3.1 Global Routing | Checksum: 117837158

Time (s): cpu = 00:00:09 ; elapsed = 00:00:06 . Memory (MB): peak = 3089.848 ; gain = 0.000 ; free physical = 14748 ; free virtual = 55584
Phase 3 Initial Routing | Checksum: 18de35205

Time (s): cpu = 00:00:10 ; elapsed = 00:00:06 . Memory (MB): peak = 3089.848 ; gain = 0.000 ; free physical = 14748 ; free virtual = 55585

Phase 4 Rip-up And Reroute

Phase 4.1 Global Iteration 0
 Number of Nodes with overlaps = 520
 Number of Nodes with overlaps = 9
 Number of Nodes with overlaps = 1
 Number of Nodes with overlaps = 0
INFO: [Route 35-416] Intermediate Timing Summary | WNS=9.160  | TNS=0.000  | WHS=N/A    | THS=N/A    |

Phase 4.1 Global Iteration 0 | Checksum: 156523bf6

Time (s): cpu = 00:00:12 ; elapsed = 00:00:07 . Memory (MB): peak = 3089.848 ; gain = 0.000 ; free physical = 14747 ; free virtual = 55583

Phase 4.2 Global Iteration 1
 Number of Nodes with overlaps = 2
 Number of Nodes with overlaps = 0
INFO: [Route 35-416] Intermediate Timing Summary | WNS=9.160  | TNS=0.000  | WHS=N/A    | THS=N/A    |

Phase 4.2 Global Iteration 1 | Checksum: e58446a9

Time (s): cpu = 00:00:12 ; elapsed = 00:00:07 . Memory (MB): peak = 3089.848 ; gain = 0.000 ; free physical = 14747 ; free virtual = 55583

Phase 4.3 Global Iteration 2
 Number of Nodes with overlaps = 0
INFO: [Route 35-416] Intermediate Timing Summary | WNS=9.160  | TNS=0.000  | WHS=N/A    | THS=N/A    |

Phase 4.3 Global Iteration 2 | Checksum: 20499ffe2

Time (s): cpu = 00:00:12 ; elapsed = 00:00:07 . Memory (MB): peak = 3089.848 ; gain = 0.000 ; free physical = 14746 ; free virtual = 55583
Phase 4 Rip-up And Reroute | Checksum: 20499ffe2

Time (s): cpu = 00:00:12 ; elapsed = 00:00:08 . Memory (MB): peak = 3089.848 ; gain = 0.000 ; free physical = 14746 ; free virtual = 55583

Phase 5 Delay and Skew Optimization

Phase 5.1 Delay CleanUp
Phase 5.1 Delay CleanUp | Checksum: 20499ffe2

Time (s): cpu = 00:00:12 ; elapsed = 00:00:08 . Memory (MB): peak = 3089.848 ; gain = 0.000 ; free physical = 14746 ; free virtual = 55583

Phase 5.2 Clock Skew Optimization
Phase 5.2 Clock Skew Optimization | Checksum: 20499ffe2

Time (s): cpu = 00:00:12 ; elapsed = 00:00:08 . Memory (MB): peak = 3089.848 ; gain = 0.000 ; free physical = 14746 ; free virtual = 55583
Phase 5 Delay and Skew Optimization | Checksum: 20499ffe2

Time (s): cpu = 00:00:12 ; elapsed = 00:00:08 . Memory (MB): peak = 3089.848 ; gain = 0.000 ; free physical = 14746 ; free virtual = 55583

Phase 6 Post Hold Fix

Phase 6.1 Hold Fix Iter

Phase 6.1.1 Update Timing
Phase 6.1.1 Update Timing | Checksum: 24717ad15

Time (s): cpu = 00:00:13 ; elapsed = 00:00:08 . Memory (MB): peak = 3089.848 ; gain = 0.000 ; free physical = 14746 ; free virtual = 55583
INFO: [Route 35-416] Intermediate Timing Summary | WNS=9.173  | TNS=0.000  | WHS=0.018  | THS=0.000  |

Phase 6.1 Hold Fix Iter | Checksum: 254e76bed

Time (s): cpu = 00:00:13 ; elapsed = 00:00:08 . Memory (MB): peak = 3089.848 ; gain = 0.000 ; free physical = 14746 ; free virtual = 55583
Phase 6 Post Hold Fix | Checksum: 254e76bed

Time (s): cpu = 00:00:13 ; elapsed = 00:00:08 . Memory (MB): peak = 3089.848 ; gain = 0.000 ; free physical = 14746 ; free virtual = 55583

Phase 7 Route finalize

Router Utilization Summary
  Global Vertical Routing Utilization    = 2.86289 %
  Global Horizontal Routing Utilization  = 4.06641 %
  Routable Net Status*
  *Does not include unroutable nets such as driverless and loadless.
  Run report_route_status for detailed report.
  Number of Failed Nets               = 0
    (Failed Nets is the sum of unrouted and partially routed nets)
  Number of Unrouted Nets             = 0
  Number of Partially Routed Nets     = 0
  Number of Node Overlaps             = 0

Phase 7 Route finalize | Checksum: 25ae1d65f

Time (s): cpu = 00:00:13 ; elapsed = 00:00:08 . Memory (MB): peak = 3089.848 ; gain = 0.000 ; free physical = 14746 ; free virtual = 55583

Phase 8 Verifying routed nets

 Verification completed successfully
Phase 8 Verifying routed nets | Checksum: 25ae1d65f

Time (s): cpu = 00:00:13 ; elapsed = 00:00:08 . Memory (MB): peak = 3089.848 ; gain = 0.000 ; free physical = 14744 ; free virtual = 55580

Phase 9 Depositing Routes
Phase 9 Depositing Routes | Checksum: 179632503

Time (s): cpu = 00:00:14 ; elapsed = 00:00:08 . Memory (MB): peak = 3089.848 ; gain = 0.000 ; free physical = 14744 ; free virtual = 55580

Phase 10 Post Router Timing
INFO: [Route 35-57] Estimated Timing Summary | WNS=9.173  | TNS=0.000  | WHS=0.018  | THS=0.000  |

INFO: [Route 35-327] The final timing numbers are based on the router estimated timing analysis. For a complete and accurate timing signoff, please run report_timing_summary.
Phase 10 Post Router Timing | Checksum: 179632503

Time (s): cpu = 00:00:14 ; elapsed = 00:00:08 . Memory (MB): peak = 3089.848 ; gain = 0.000 ; free physical = 14745 ; free virtual = 55582
INFO: [Route 35-16] Router Completed Successfully

Time (s): cpu = 00:00:14 ; elapsed = 00:00:08 . Memory (MB): peak = 3089.848 ; gain = 0.000 ; free physical = 14780 ; free virtual = 55616

Routing Is Done.
INFO: [Common 17-83] Releasing license: Implementation
110 Infos, 0 Warnings, 0 Critical Warnings and 0 Errors encountered.
route_design completed successfully
route_design: Time (s): cpu = 00:00:16 ; elapsed = 00:00:09 . Memory (MB): peak = 3089.848 ; gain = 0.000 ; free physical = 14780 ; free virtual = 55616
INFO: [Timing 38-480] Writing timing data to binary archive.
Writing placer database...
Writing XDEF routing.
Writing XDEF routing logical nets.
Writing XDEF routing special nets.
Write XDEF Complete: Time (s): cpu = 00:00:00.87 ; elapsed = 00:00:00.27 . Memory (MB): peak = 3089.848 ; gain = 0.000 ; free physical = 14756 ; free virtual = 55608
INFO: [Common 17-1381] The checkpoint '/home/rom41797/Documents/Project/CDMA_simple_polling/project_1.runs/impl_1/dma_demo_wrapper_routed.dcp' has been generated.
INFO: [runtcl-4] Executing : report_drc -file dma_demo_wrapper_drc_routed.rpt -pb dma_demo_wrapper_drc_routed.pb -rpx dma_demo_wrapper_drc_routed.rpx
Command: report_drc -file dma_demo_wrapper_drc_routed.rpt -pb dma_demo_wrapper_drc_routed.pb -rpx dma_demo_wrapper_drc_routed.rpx
INFO: [IP_Flow 19-1839] IP Catalog is up to date.
INFO: [DRC 23-27] Running DRC with 8 threads
INFO: [Coretcl 2-168] The results of DRC are in file /home/rom41797/Documents/Project/CDMA_simple_polling/project_1.runs/impl_1/dma_demo_wrapper_drc_routed.rpt.
report_drc completed successfully
INFO: [runtcl-4] Executing : report_methodology -file dma_demo_wrapper_methodology_drc_routed.rpt -pb dma_demo_wrapper_methodology_drc_routed.pb -rpx dma_demo_wrapper_methodology_drc_routed.rpx
Command: report_methodology -file dma_demo_wrapper_methodology_drc_routed.rpt -pb dma_demo_wrapper_methodology_drc_routed.pb -rpx dma_demo_wrapper_methodology_drc_routed.rpx
INFO: [Timing 38-35] Done setting XDC timing constraints.
INFO: [DRC 23-133] Running Methodology with 8 threads
INFO: [Coretcl 2-1520] The results of Report Methodology are in file /home/rom41797/Documents/Project/CDMA_simple_polling/project_1.runs/impl_1/dma_demo_wrapper_methodology_drc_routed.rpt.
report_methodology completed successfully
INFO: [runtcl-4] Executing : report_power -file dma_demo_wrapper_power_routed.rpt -pb dma_demo_wrapper_power_summary_routed.pb -rpx dma_demo_wrapper_power_routed.rpx
Command: report_power -file dma_demo_wrapper_power_routed.rpt -pb dma_demo_wrapper_power_summary_routed.pb -rpx dma_demo_wrapper_power_routed.rpx
INFO: [Timing 38-35] Done setting XDC timing constraints.
Running Vector-less Activity Propagation...

Finished Running Vector-less Activity Propagation
WARNING: [Power 33-332] Found switching activity that implies high-fanout reset nets being asserted for excessive periods of time which may result in inaccurate power analysis.
Resolution: To review and fix problems, please run Power Constraints Advisor in the GUI from Tools > Power Constraints Advisor or run report_power with the -advisory option to generate a text report.
122 Infos, 1 Warnings, 0 Critical Warnings and 0 Errors encountered.
report_power completed successfully
INFO: [runtcl-4] Executing : report_route_status -file dma_demo_wrapper_route_status.rpt -pb dma_demo_wrapper_route_status.pb
INFO: [runtcl-4] Executing : report_timing_summary -max_paths 10 -file dma_demo_wrapper_timing_summary_routed.rpt -pb dma_demo_wrapper_timing_summary_routed.pb -rpx dma_demo_wrapper_timing_summary_routed.rpx -warn_on_violation 
INFO: [Timing 38-91] UpdateTimingParams: Speed grade: -1, Delay Type: min_max.
INFO: [Timing 38-191] Multithreading enabled for timing update using a maximum of 8 CPUs
INFO: [runtcl-4] Executing : report_incremental_reuse -file dma_demo_wrapper_incremental_reuse_routed.rpt
INFO: [Vivado_Tcl 4-1062] Incremental flow is disabled. No incremental reuse Info to report.
INFO: [runtcl-4] Executing : report_clock_utilization -file dma_demo_wrapper_clock_utilization_routed.rpt
INFO: [runtcl-4] Executing : report_bus_skew -warn_on_violation -file dma_demo_wrapper_bus_skew_routed.rpt -pb dma_demo_wrapper_bus_skew_routed.pb -rpx dma_demo_wrapper_bus_skew_routed.rpx
INFO: [Timing 38-91] UpdateTimingParams: Speed grade: -1, Delay Type: min_max.
INFO: [Timing 38-191] Multithreading enabled for timing update using a maximum of 8 CPUs
Command: write_bitstream -force dma_demo_wrapper.bit
Attempting to get a license for feature 'Implementation' and/or device 'xc7z010'
INFO: [Common 17-349] Got license for feature 'Implementation' and/or device 'xc7z010'
Running DRC as a precondition to command write_bitstream
INFO: [IP_Flow 19-1839] IP Catalog is up to date.
INFO: [DRC 23-27] Running DRC with 8 threads
WARNING: [DRC RTSTAT-10] No routable loads: 66 net(s) have no routable loads. The problem bus(es) and/or net(s) are dma_demo_i/axi_mem_intercon/m00_couplers/auto_pc/inst/gen_axi4_axi3.axi3_conv_inst/USE_WRITE.write_addr_inst/USE_B_CHANNEL.cmd_b_queue/inst/fifo_gen_inst/inst_fifo_gen/gconvfifo.rf/grf.rf/gntv_or_sync_fifo.gl0.rd/gr1.gr1_int.rfwft/aempty_fwft_i, dma_demo_i/axi_mem_intercon/m00_couplers/auto_pc/inst/gen_axi4_axi3.axi3_conv_inst/USE_READ.USE_SPLIT_R.read_addr_inst/USE_R_CHANNEL.cmd_queue/inst/fifo_gen_inst/inst_fifo_gen/gconvfifo.rf/grf.rf/gntv_or_sync_fifo.gl0.rd/gr1.gr1_int.rfwft/aempty_fwft_i, dma_demo_i/axi_mem_intercon/m01_couplers/auto_ds/inst/gen_downsizer.gen_simple_downsizer.axi_downsizer_inst/USE_WRITE.write_addr_inst/USE_B_CHANNEL.cmd_b_queue/inst/fifo_gen_inst/inst_fifo_gen/gconvfifo.rf/grf.rf/gntv_or_sync_fifo.gl0.rd/gr1.gr1_int.rfwft/aempty_fwft_i, dma_demo_i/axi_mem_intercon/m01_couplers/auto_ds/inst/gen_downsizer.gen_simple_downsizer.axi_downsizer_inst/USE_WRITE.write_addr_inst/cmd_queue/inst/fifo_gen_inst/inst_fifo_gen/gconvfifo.rf/grf.rf/gntv_or_sync_fifo.gl0.rd/gr1.gr1_int.rfwft/aempty_fwft_i, dma_demo_i/axi_mem_intercon/m00_couplers/auto_pc/inst/gen_axi4_axi3.axi3_conv_inst/USE_WRITE.write_addr_inst/USE_BURSTS.cmd_queue/inst/fifo_gen_inst/inst_fifo_gen/gconvfifo.rf/grf.rf/gntv_or_sync_fifo.gl0.rd/gr1.gr1_int.rfwft/aempty_fwft_i, dma_demo_i/axi_mem_intercon/m01_couplers/auto_ds/inst/gen_downsizer.gen_simple_downsizer.axi_downsizer_inst/USE_READ.read_addr_inst/cmd_queue/inst/fifo_gen_inst/inst_fifo_gen/gconvfifo.rf/grf.rf/gntv_or_sync_fifo.gl0.rd/gr1.gr1_int.rfwft/aempty_fwft_i, dma_demo_i/axi_mem_intercon/m01_couplers/auto_ds/inst/gen_downsizer.gen_simple_downsizer.axi_downsizer_inst/USE_WRITE.write_addr_inst/cmd_queue/inst/fifo_gen_inst/inst_fifo_gen/gconvfifo.rf/grf.rf/gntv_or_sync_fifo.gl0.wr/gwss.wsts/ram_afull_fb, dma_demo_i/axi_mem_intercon/m00_couplers/auto_pc/inst/gen_axi4_axi3.axi3_conv_inst/USE_WRITE.write_addr_inst/USE_BURSTS.cmd_queue/inst/fifo_gen_inst/inst_fifo_gen/gconvfifo.rf/grf.rf/gntv_or_sync_fifo.gl0.wr/gwss.wsts/ram_afull_fb, dma_demo_i/axi_mem_intercon/m01_couplers/auto_ds/inst/gen_downsizer.gen_simple_downsizer.axi_downsizer_inst/USE_WRITE.write_addr_inst/USE_B_CHANNEL.cmd_b_queue/inst/fifo_gen_inst/inst_fifo_gen/gconvfifo.rf/grf.rf/gntv_or_sync_fifo.gl0.wr/gwss.wsts/ram_afull_fb, dma_demo_i/axi_mem_intercon/m00_couplers/auto_pc/inst/gen_axi4_axi3.axi3_conv_inst/USE_READ.USE_SPLIT_R.read_addr_inst/USE_R_CHANNEL.cmd_queue/inst/fifo_gen_inst/inst_fifo_gen/gconvfifo.rf/grf.rf/gntv_or_sync_fifo.gl0.wr/gwss.wsts/ram_afull_fb, dma_demo_i/axi_mem_intercon/m00_couplers/auto_pc/inst/gen_axi4_axi3.axi3_conv_inst/USE_WRITE.write_addr_inst/USE_B_CHANNEL.cmd_b_queue/inst/fifo_gen_inst/inst_fifo_gen/gconvfifo.rf/grf.rf/gntv_or_sync_fifo.gl0.wr/gwss.wsts/ram_afull_fb, dma_demo_i/axi_mem_intercon/m01_couplers/auto_ds/inst/gen_downsizer.gen_simple_downsizer.axi_downsizer_inst/USE_READ.read_addr_inst/cmd_queue/inst/fifo_gen_inst/inst_fifo_gen/gconvfifo.rf/grf.rf/gntv_or_sync_fifo.gl0.wr/gwss.wsts/ram_afull_fb, dma_demo_i/axi_mem_intercon/m00_couplers/auto_pc/inst/gen_axi4_axi3.axi3_conv_inst/USE_WRITE.write_addr_inst/USE_BURSTS.cmd_queue/inst/fifo_gen_inst/inst_fifo_gen/gconvfifo.rf/grf.rf/gntv_or_sync_fifo.gl0.wr/gwss.wsts/ram_afull_i, dma_demo_i/axi_mem_intercon/m00_couplers/auto_pc/inst/gen_axi4_axi3.axi3_conv_inst/USE_READ.USE_SPLIT_R.read_addr_inst/USE_R_CHANNEL.cmd_queue/inst/fifo_gen_inst/inst_fifo_gen/gconvfifo.rf/grf.rf/gntv_or_sync_fifo.gl0.wr/gwss.wsts/ram_afull_i, dma_demo_i/axi_mem_intercon/m00_couplers/auto_pc/inst/gen_axi4_axi3.axi3_conv_inst/USE_WRITE.write_addr_inst/USE_B_CHANNEL.cmd_b_queue/inst/fifo_gen_inst/inst_fifo_gen/gconvfifo.rf/grf.rf/gntv_or_sync_fifo.gl0.wr/gwss.wsts/ram_afull_i... and (the first 15 of 42 listed).
INFO: [Vivado 12-3199] DRC finished with 0 Errors, 1 Warnings
INFO: [Vivado 12-3200] Please refer to the DRC report (report_drc) for more information.
INFO: [Designutils 20-2272] Running write_bitstream with 8 threads.
Loading data files...
Loading site data...
Loading route data...
Processing options...
Creating bitmap...
Creating bitstream...
Writing bitstream ./dma_demo_wrapper.bit...
INFO: [Vivado 12-1842] Bitgen Completed Successfully.
INFO: [Project 1-120] WebTalk data collection is mandatory when using a WebPACK part without a full Vivado license. To see the specific WebTalk data collected for your design, open the usage_statistics_webtalk.html or usage_statistics_webtalk.xml file in the implementation directory.
INFO: [Common 17-83] Releasing license: Implementation
12 Infos, 1 Warnings, 0 Critical Warnings and 0 Errors encountered.
write_bitstream completed successfully
write_bitstream: Time (s): cpu = 00:00:09 ; elapsed = 00:00:17 . Memory (MB): peak = 3363.137 ; gain = 228.770 ; free physical = 14695 ; free virtual = 55544
INFO: [Common 17-206] Exiting Vivado at Wed Dec 20 11:28:20 2023...
